# Logfile created on Fri Nov 05 15:42:18 -0400 2010** has_many_polymorphs: rails environment detected
** has_many_polymorphs: loaded ok
** has_many_polymorphs: autoload hook invoked
** has_many_polymorphs: preloading parent model Block
** has_many_polymorphs: associating Block.models
  [4;36;1mSQL (0.2ms)[0m   [0;1mSET NAMES 'utf8'[0m
  [4;35;1mSQL (0.1ms)[0m   [0mSET SQL_AUTO_IS_NULL=0[0m
  [4;36;1mBlocksModel Columns (1.1ms)[0m   [0;1mSHOW FIELDS FROM `blocks_models`[0m
  [4;35;1mLink Columns (1.9ms)[0m   [0mSHOW FIELDS FROM `links`[0m
  [4;36;1mPage Columns (1.4ms)[0m   [0;1mSHOW FIELDS FROM `pages`[0m
  [4;35;1mPost Columns (1.1ms)[0m   [0mSHOW FIELDS FROM `posts`[0m
** has_many_polymorphs: preloading parent model View
** has_many_polymorphs: associating View.models
  [4;36;1mBlock Columns (1.4ms)[0m   [0;1mSHOW FIELDS FROM `blocks`[0m
  [4;35;1mModelsView Columns (1.1ms)[0m   [0mSHOW FIELDS FROM `models_views`[0m
** has_many_polymorphs: autoload hook invoked
** has_many_polymorphs: preloading parent model Block
** has_many_polymorphs: preloading parent model View
** has_many_polymorphs: autoload hook invoked
** has_many_polymorphs: preloading parent model Block
** has_many_polymorphs: preloading parent model View
  [4;36;1mSQL (0.1ms)[0m   [0;1mSET NAMES 'utf8'[0m
  [4;35;1mSQL (0.0ms)[0m   [0mSET SQL_AUTO_IS_NULL=0[0m


Processing PagesController#show (for 127.0.0.1 at 2010-11-05 15:42:24) [GET]
  Parameters: {"title"=>"home", "action"=>"show", "controller"=>"pages"}
  [4;36;1mUser Columns (1.9ms)[0m   [0;1mSHOW FIELDS FROM `users`[0m
  [4;35;1mUser Load (0.5ms)[0m   [0mSELECT * FROM `users` WHERE (`users`.`id` = '1') LIMIT 1[0m
  [4;36;1mSQL (0.1ms)[0m   [0;1mBEGIN[0m
  [4;35;1mUser Update (0.4ms)[0m   [0mUPDATE `users` SET `updated_at` = '2010-11-05 19:42:24', `perishable_token` = 'b6ZEL5ztJjfD_U-uFe80', `last_request_at` = '2010-11-05 19:42:24' WHERE `id` = 1[0m
  [4;36;1mSQL (0.2ms)[0m   [0;1mCOMMIT[0m
  [4;35;1mRole Columns (1.4ms)[0m   [0mSHOW FIELDS FROM `roles`[0m
  [4;36;1mRole Load (0.2ms)[0m   [0;1mSELECT * FROM `roles` WHERE (`roles`.`id` = 1) [0m
  [4;35;1mPage Load (0.2ms)[0m   [0mSELECT * FROM `pages` WHERE (show_in_nav IS TRUE) ORDER BY position, id[0m
  [4;36;1mAdPartner Load (0.2ms)[0m   [0;1mSELECT * FROM `ad_partners` WHERE (enabled IS TRUE) [0m
  [4;35;1mSizeIcon Columns (1.3ms)[0m   [0mSHOW FIELDS FROM `size_icons`[0m
  [4;36;1mSizeIcon Load (0.2ms)[0m   [0;1mSELECT * FROM `size_icons` WHERE (`size_icons`.`icon_size` = 'medium') ORDER BY width, length[0m
  [4;35;1mPage Load (0.4ms)[0m   [0mSELECT * FROM `pages` [0m
  [4;36;1mSearch Columns (1.6ms)[0m   [0;1mSHOW FIELDS FROM `searches`[0m
  [4;35;1mSearch Load (0.4ms)[0m   [0mSELECT * FROM `searches` WHERE (`searches`.`id` = 256) LIMIT 1[0m
Rendering template within layouts/locatorfront
Rendering pages/show
  [4;36;1mBlock Load (0.4ms)[0m   [0;1mSELECT * FROM `blocks` WHERE (`blocks`.`show_in_all` = 'header') [0m
  [4;35;1mBlock Load (0.6ms)[0m   [0mSELECT `blocks`.* FROM `blocks` INNER JOIN `blocks_models` ON `blocks`.id = `blocks_models`.block_id WHERE ((`blocks_models`.model_type = 'Page') AND (`blocks_models`.model_id = 1) AND (place = 'header' AND enabled IS TRUE)) [0m
  [4;36;1mBlock Load (0.4ms)[0m   [0;1mSELECT * FROM `blocks` WHERE (`blocks`.`restful` = 1) [0m
  [4;35;1mBlocksModel Load (0.6ms)[0m   [0mSELECT 'Block' AS polymorphic_parent_class, 'models' AS polymorphic_association_id, blocks_models.block_id AS t0_r3, blocks_models.created_at AS t0_r4, blocks_models.enabled AS t0_r7, blocks_models.id AS t0_r0, blocks_models.model_id AS t0_r1, blocks_models.model_type AS t0_r2, blocks_models.place AS t0_r6, blocks_models.position AS t0_r9, blocks_models.show_title AS t0_r8, blocks_models.updated_at AS t0_r5, links.created_at AS t1_r4, links.group_id AS t1_r6, links.id AS t1_r0, links.path AS t1_r2, links.relative AS t1_r3, links.resource AS t1_r7, links.target_id AS t1_r8, links.title AS t1_r1, links.updated_at AS t1_r5, pages.content AS t2_r7, pages.created_at AS t2_r4, pages.description AS t2_r8, pages.id AS t2_r0, pages.parent_id AS t2_r2, pages.position AS t2_r10, pages.process_erb AS t2_r11, pages.show_in_nav AS t2_r6, pages.show_title AS t2_r9, pages.title AS t2_r1, pages.updated_at AS t2_r5, pages.url AS t2_r3, pages.use_placeholders AS t2_r12, posts.comments_count AS t3_r7, posts.comments_enabled AS t3_r8, posts.content AS t3_r2, posts.created_at AS t3_r5, posts.id AS t3_r0, posts.impressions_count AS t3_r10, posts.position AS t3_r9, posts.published AS t3_r4, posts.title AS t3_r1, posts.updated_at AS t3_r6, posts.user_id AS t3_r3 FROM `blocks_models` JOIN `blocks` AS polymorphic_parent ON `blocks_models`.block_id = polymorphic_parent.id LEFT JOIN `pages` ON `blocks_models`.model_id = `pages`.id AND `blocks_models`.model_type = 'Page' LEFT JOIN `posts` ON `blocks_models`.model_id = `posts`.id AND `blocks_models`.model_type = 'Post' LEFT JOIN `links` ON `blocks_models`.model_id = `links`.id AND `blocks_models`.model_type = 'Link' WHERE ((`blocks_models`.block_id = 16)) [0m
Rendered shared/_model_options (9.4ms)
  [4;36;1mView Columns (1.3ms)[0m   [0;1mSHOW FIELDS FROM `views`[0m
  [4;35;1mSQL (0.2ms)[0m   [0mSELECT count(*) AS count_all FROM `views` INNER JOIN `models_views` ON `views`.id = `models_views`.view_id WHERE ((`models_views`.model_type = 'Block') AND (`models_views`.model_id = 16)) [0m
Rendered blocks/_block (65.7ms)
  [4;36;1mBlock Load (0.1ms)[0m   [0;1mSELECT * FROM `blocks` WHERE (`blocks`.`show_in_all` = 'sidebar') [0m
  [4;35;1mBlock Load (0.4ms)[0m   [0mSELECT `blocks`.* FROM `blocks` INNER JOIN `blocks_models` ON `blocks`.id = `blocks_models`.block_id WHERE ((`blocks_models`.model_type = 'Page') AND (`blocks_models`.model_id = 1) AND (place = 'sidebar' AND enabled IS TRUE)) [0m
  [4;36;1mCACHE (0.0ms)[0m   [0;1mSELECT * FROM `blocks` WHERE (`blocks`.`restful` = 1) [0m
  [4;35;1mBlock Load (0.2ms)[0m   [0mSELECT * FROM `blocks` WHERE (`blocks`.`show_in_all` = 'content_bottom') [0m
  [4;36;1mBlock Load (0.5ms)[0m   [0;1mSELECT `blocks`.* FROM `blocks` INNER JOIN `blocks_models` ON `blocks`.id = `blocks_models`.block_id WHERE ((`blocks_models`.model_type = 'Page') AND (`blocks_models`.model_id = 1) AND (place = 'content_bottom' AND enabled IS TRUE)) [0m
  [4;35;1mCACHE (0.0ms)[0m   [0mSELECT * FROM `blocks` WHERE (`blocks`.`restful` = 1) [0m
  [4;36;1mBlock Load (0.1ms)[0m   [0;1mSELECT * FROM `blocks` WHERE (`blocks`.`show_in_all` = 'column_5') [0m
  [4;35;1mBlock Load (0.4ms)[0m   [0mSELECT `blocks`.* FROM `blocks` INNER JOIN `blocks_models` ON `blocks`.id = `blocks_models`.block_id WHERE ((`blocks_models`.model_type = 'Page') AND (`blocks_models`.model_id = 1) AND (place = 'column_5' AND enabled IS TRUE)) [0m
  [4;36;1mCACHE (0.0ms)[0m   [0;1mSELECT * FROM `blocks` WHERE (`blocks`.`restful` = 1) [0m
  [4;35;1mBlock Load (0.1ms)[0m   [0mSELECT * FROM `blocks` WHERE (`blocks`.`show_in_all` = 'column_6') [0m
  [4;36;1mBlock Load (0.3ms)[0m   [0;1mSELECT `blocks`.* FROM `blocks` INNER JOIN `blocks_models` ON `blocks`.id = `blocks_models`.block_id WHERE ((`blocks_models`.model_type = 'Page') AND (`blocks_models`.model_id = 1) AND (place = 'column_6' AND enabled IS TRUE)) [0m
  [4;35;1mCACHE (0.0ms)[0m   [0mSELECT * FROM `blocks` WHERE (`blocks`.`restful` = 1) [0m
  [4;36;1mBlock Load (0.2ms)[0m   [0;1mSELECT * FROM `blocks` WHERE (`blocks`.`show_in_all` = 'column_7') [0m
  [4;35;1mBlock Load (0.4ms)[0m   [0mSELECT `blocks`.* FROM `blocks` INNER JOIN `blocks_models` ON `blocks`.id = `blocks_models`.block_id WHERE ((`blocks_models`.model_type = 'Page') AND (`blocks_models`.model_id = 1) AND (place = 'column_7' AND enabled IS TRUE)) [0m
  [4;36;1mCACHE (0.0ms)[0m   [0;1mSELECT * FROM `blocks` WHERE (`blocks`.`restful` = 1) [0m
  [4;35;1mBlock Load (0.2ms)[0m   [0mSELECT * FROM `blocks` WHERE (`blocks`.`show_in_all` = 'footer') [0m
  [4;36;1mBlock Load (0.5ms)[0m   [0;1mSELECT `blocks`.* FROM `blocks` INNER JOIN `blocks_models` ON `blocks`.id = `blocks_models`.block_id WHERE ((`blocks_models`.model_type = 'Page') AND (`blocks_models`.model_id = 1) AND (place = 'footer' AND enabled IS TRUE)) [0m
  [4;35;1mCACHE (0.0ms)[0m   [0mSELECT * FROM `blocks` WHERE (`blocks`.`restful` = 1) [0m
  [4;36;1mBlocksModel Load (0.4ms)[0m   [0;1mSELECT * FROM `blocks_models` WHERE (`blocks_models`.block_id = 2) [0m
  [4;35;1mBlocksModel Load (2.0ms)[0m   [0mSELECT 'Block' AS polymorphic_parent_class, 'models' AS polymorphic_association_id, blocks_models.block_id AS t0_r3, blocks_models.created_at AS t0_r4, blocks_models.enabled AS t0_r7, blocks_models.id AS t0_r0, blocks_models.model_id AS t0_r1, blocks_models.model_type AS t0_r2, blocks_models.place AS t0_r6, blocks_models.position AS t0_r9, blocks_models.show_title AS t0_r8, blocks_models.updated_at AS t0_r5, links.created_at AS t1_r4, links.group_id AS t1_r6, links.id AS t1_r0, links.path AS t1_r2, links.relative AS t1_r3, links.resource AS t1_r7, links.target_id AS t1_r8, links.title AS t1_r1, links.updated_at AS t1_r5, pages.content AS t2_r7, pages.created_at AS t2_r4, pages.description AS t2_r8, pages.id AS t2_r0, pages.parent_id AS t2_r2, pages.position AS t2_r10, pages.process_erb AS t2_r11, pages.show_in_nav AS t2_r6, pages.show_title AS t2_r9, pages.title AS t2_r1, pages.updated_at AS t2_r5, pages.url AS t2_r3, pages.use_placeholders AS t2_r12, posts.comments_count AS t3_r7, posts.comments_enabled AS t3_r8, posts.content AS t3_r2, posts.created_at AS t3_r5, posts.id AS t3_r0, posts.impressions_count AS t3_r10, posts.position AS t3_r9, posts.published AS t3_r4, posts.title AS t3_r1, posts.updated_at AS t3_r6, posts.user_id AS t3_r3 FROM `blocks_models` JOIN `blocks` AS polymorphic_parent ON `blocks_models`.block_id = polymorphic_parent.id LEFT JOIN `pages` ON `blocks_models`.model_id = `pages`.id AND `blocks_models`.model_type = 'Page' LEFT JOIN `posts` ON `blocks_models`.model_id = `posts`.id AND `blocks_models`.model_type = 'Post' LEFT JOIN `links` ON `blocks_models`.model_id = `links`.id AND `blocks_models`.model_type = 'Link' WHERE ((`blocks_models`.block_id = 2)) [0m
Rendered shared/_model_options (3.3ms)
  [4;36;1mMap Load (7.6ms)[0m   [0;1mSELECT city AS name, state, COUNT(maps.id) AS map_count FROM maps GROUP BY name, state ORDER BY map_count DESC LIMIT 50[0m
  [4;35;1mMap Columns (1.3ms)[0m   [0mSHOW FIELDS FROM `maps`[0m
Rendered pages/_short_footer (72.7ms)
Rendered pages/_home_footer (216.9ms)
  [4;36;1mSQL (0.5ms)[0m   [0;1mSELECT count(*) AS count_all FROM `views` INNER JOIN `models_views` ON `views`.id = `models_views`.view_id WHERE ((`models_views`.model_type = 'Block') AND (`models_views`.model_id = 2)) [0m
Rendered blocks/_block (388.5ms)
Rendered shared/_model_options (3.0ms)
Rendered pages/_home (1.3ms)
Rendered shared/_model_new_back_buttons (1.3ms)
Rendered shared/_model_content_show (819.6ms)
Rendered menus/_topnav (5.2ms)
Rendered pages/_front_search (62.4ms)
Rendered user_sessions/_form (8.2ms)
Completed in 2187ms (View: 1462, DB: 28) | 200 OK [http://localhost/home]
** has_many_polymorphs: autoload hook invoked
** has_many_polymorphs: preloading parent model Block
** has_many_polymorphs: associating Block.models
  [4;35;1mSQL (0.1ms)[0m   [0mSET NAMES 'utf8'[0m
  [4;36;1mSQL (0.1ms)[0m   [0;1mSET SQL_AUTO_IS_NULL=0[0m
  [4;35;1mBlocksModel Columns (1.1ms)[0m   [0mSHOW FIELDS FROM `blocks_models`[0m
  [4;36;1mLink Columns (1.0ms)[0m   [0;1mSHOW FIELDS FROM `links`[0m
  [4;35;1mPage Columns (1.3ms)[0m   [0mSHOW FIELDS FROM `pages`[0m
  [4;36;1mPost Columns (1.3ms)[0m   [0;1mSHOW FIELDS FROM `posts`[0m
** has_many_polymorphs: preloading parent model View
** has_many_polymorphs: associating View.models
  [4;35;1mBlock Columns (1.3ms)[0m   [0mSHOW FIELDS FROM `blocks`[0m
  [4;36;1mModelsView Columns (1.3ms)[0m   [0;1mSHOW FIELDS FROM `models_views`[0m


Processing SearchesController#create (for 127.0.0.1 at 2010-11-05 15:42:36) [POST]
  Parameters: {"commit"=>"Locate", "hack_me"=>"", "action"=>"create", "authenticity_token"=>"FS6jjBFEWAZQ3YYpG3v7U7E+sYOhV07rkcTih3rUg0s=", "controller"=>"searches", "search"=>{"within"=>"10", "storage_type"=>"Self Storage", "unit_size"=>"5x5", "query"=>"33162"}}
  [4;35;1mSearch Columns (1.7ms)[0m   [0mSHOW FIELDS FROM `searches`[0m
Google geocoding. Address: 33162. Result: <?xml version="1.0" encoding="UTF-8" ?>
<kml xmlns="http://earth.google.com/kml/2.0"><Response>
  <name>33162</name>
  <Status>
    <code>200</code>
    <request>geocode</request>
  </Status>
  <Placemark id="p1">
    <address>Miami, FL 33162, USA</address>
    <AddressDetails Accuracy="5" xmlns="urn:oasis:names:tc:ciq:xsdschema:xAL:2.0"><Country><CountryNameCode>US</CountryNameCode><CountryName>USA</CountryName><AdministrativeArea><AdministrativeAreaName>FL</AdministrativeAreaName><Locality><LocalityName>Miami</LocalityName><DependentLocality><DependentLocalityName>Uleta</DependentLocalityName><PostalCode><PostalCodeNumber>33162</PostalCodeNumber></PostalCode></DependentLocality></Locality></AdministrativeArea></Country></AddressDetails>
    <ExtendedData>
      <LatLonBox north="25.9462899" south="25.9123239" east="-80.1526050" west="-80.2052470" />
    </ExtendedData>
    <Point><coordinates>-80.1819268,25.9260794,0</coordinates></Point>
  </Placemark>
</Response></kml>
  [4;36;1mSQL (0.3ms)[0m   [0;1mBEGIN[0m
  [4;35;1mSearch Create (0.4ms)[0m   [0mINSERT INTO `searches` (`referrer`, `city`, `zip`, `created_at`, `within`, `remote_ip`, `storage_type`, `updated_at`, `listing_id`, `lft`, `lng`, `features`, `parent_id`, `unit_size`, `lat`, `rgt`, `query`, `state`) VALUES('http://localhost:3000/home', 'Miami', 33162, '2010-11-05 19:42:36', 10, '127.0.0.1', 'Self Storage', '2010-11-05 19:42:36', NULL, NULL, -80.1819268, NULL, NULL, '5x5', 25.9260794, NULL, '33162', 'FL')[0m
  [4;36;1mSQL (0.2ms)[0m   [0;1mCOMMIT[0m
  [4;35;1mSearch Load (0.3ms)[0m   [0mSELECT * FROM `searches` WHERE (`searches`.`id` = 256) [0m
  [4;36;1mCACHE (0.0ms)[0m   [0;1mSELECT * FROM `searches` WHERE (`searches`.`id` = 256) [0m
  [4;35;1mSearch Load (0.4ms)[0m   [0mSELECT * FROM `searches` WHERE (`searches`.`id` = 257) [0m
  [4;36;1mSQL (0.2ms)[0m   [0;1mBEGIN[0m
  [4;35;1mSearch Update (0.3ms)[0m   [0mUPDATE `searches` SET `updated_at` = '2010-11-05 19:42:36', `rgt` = 4, `lft` = 1 WHERE `id` = 256[0m
  [4;36;1mSQL (0.2ms)[0m   [0;1mCOMMIT[0m
  [4;35;1mSQL (0.2ms)[0m   [0mBEGIN[0m
  [4;36;1mSearch Update (0.2ms)[0m   [0;1mUPDATE `searches` SET `updated_at` = '2010-11-05 19:42:36', `rgt` = 3, `lft` = 2, `parent_id` = 256 WHERE `id` = 257[0m
  [4;35;1mSQL (0.2ms)[0m   [0mCOMMIT[0m
Redirected to http://localhost:3000/self-storage/FL/Miami/33162
Completed in 377ms (DB: 12) | 302 Found [http://localhost/searches]
** has_many_polymorphs: autoload hook invoked
** has_many_polymorphs: preloading parent model Block
** has_many_polymorphs: associating Block.models
  [4;36;1mSQL (0.1ms)[0m   [0;1mSET NAMES 'utf8'[0m
  [4;35;1mSQL (0.1ms)[0m   [0mSET SQL_AUTO_IS_NULL=0[0m
  [4;36;1mBlocksModel Columns (1.3ms)[0m   [0;1mSHOW FIELDS FROM `blocks_models`[0m
  [4;35;1mLink Columns (1.3ms)[0m   [0mSHOW FIELDS FROM `links`[0m
  [4;36;1mPage Columns (1.5ms)[0m   [0;1mSHOW FIELDS FROM `pages`[0m
  [4;35;1mPost Columns (1.2ms)[0m   [0mSHOW FIELDS FROM `posts`[0m
** has_many_polymorphs: preloading parent model View
** has_many_polymorphs: associating View.models
  [4;36;1mBlock Columns (1.5ms)[0m   [0;1mSHOW FIELDS FROM `blocks`[0m
  [4;35;1mModelsView Columns (1.7ms)[0m   [0mSHOW FIELDS FROM `models_views`[0m


Processing ListingsController#locator (for 127.0.0.1 at 2010-11-05 15:42:36) [GET]
  Parameters: {"city"=>"Miami", "zip"=>"33162", "action"=>"locator", "controller"=>"listings", "state"=>"FL"}
  [4;36;1mUser Columns (1.6ms)[0m   [0;1mSHOW FIELDS FROM `users`[0m
  [4;35;1mUser Load (0.5ms)[0m   [0mSELECT * FROM `users` WHERE (`users`.`id` = '1') LIMIT 1[0m
  [4;36;1mSQL (0.2ms)[0m   [0;1mBEGIN[0m
  [4;35;1mUser Update (0.2ms)[0m   [0mUPDATE `users` SET `updated_at` = '2010-11-05 19:42:36', `perishable_token` = 'zyqMCVpFxAYDvMsxalFC', `last_request_at` = '2010-11-05 19:42:36' WHERE `id` = 1[0m
  [4;36;1mSQL (0.1ms)[0m   [0;1mCOMMIT[0m
  [4;35;1mRole Columns (1.2ms)[0m   [0mSHOW FIELDS FROM `roles`[0m
  [4;36;1mRole Load (0.1ms)[0m   [0;1mSELECT * FROM `roles` WHERE (`roles`.`id` = 1) [0m
  [4;35;1mPage Load (0.2ms)[0m   [0mSELECT * FROM `pages` WHERE (show_in_nav IS TRUE) ORDER BY position, id[0m
  [4;36;1mAdPartner Load (0.3ms)[0m   [0;1mSELECT * FROM `ad_partners` WHERE (enabled IS TRUE) [0m
  [4;35;1mSizeIcon Columns (1.2ms)[0m   [0mSHOW FIELDS FROM `size_icons`[0m
  [4;36;1mSizeIcon Load (0.3ms)[0m   [0;1mSELECT * FROM `size_icons` WHERE (`size_icons`.`icon_size` = 'medium') ORDER BY width, length[0m
  [4;35;1mListing Columns (1.4ms)[0m   [0mSHOW FIELDS FROM `listings`[0m
  [4;36;1mPage Load (0.2ms)[0m   [0;1mSELECT * FROM `pages` WHERE (`pages`.`title` = 'Self Storage') LIMIT 1[0m
  [4;35;1mSizeIcon Load (0.2ms)[0m   [0mSELECT * FROM `size_icons` WHERE (`size_icons`.`icon_size` = 'thumb') ORDER BY width, length[0m
  [4;36;1mSearch Columns (1.6ms)[0m   [0;1mSHOW FIELDS FROM `searches`[0m
  [4;35;1mSearch Load (0.2ms)[0m   [0mSELECT * FROM `searches` WHERE (`searches`.`id` = 257) [0m
  [4;36;1mCACHE (0.0ms)[0m   [0;1mSELECT * FROM `searches` WHERE (`searches`.`id` = 257) [0m
  [4;35;1mCACHE (0.0ms)[0m   [0mSELECT * FROM `searches` WHERE (`searches`.`id` = 257) [0m
  [4;36;1mCACHE (0.0ms)[0m   [0;1mSELECT * FROM `searches` WHERE (`searches`.`id` = 257) [0m
  [4;35;1mSQL (0.0ms)[0m   [0mBEGIN[0m
  [4;36;1mSearch Update (0.5ms)[0m   [0;1mUPDATE `searches` SET lft = (lft + 2) WHERE (1 = 1 AND lft >= 3) [0m
  [4;35;1mSearch Update (0.8ms)[0m   [0mUPDATE `searches` SET rgt = (rgt + 2) WHERE (1 = 1 AND rgt >= 3) [0m
  [4;36;1mSearch Update (0.3ms)[0m   [0;1mUPDATE `searches` SET `updated_at` = '2010-11-05 19:42:37', `rgt` = 5 WHERE `id` = 257[0m
  [4;35;1mSearch Update (0.2ms)[0m   [0mUPDATE `searches` SET `updated_at` = '2010-11-05 19:42:37', `rgt` = 4, `lft` = 3, `parent_id` = 257 WHERE `id` = 257[0m
  [4;36;1mSQL (0.2ms)[0m   [0;1mCOMMIT[0m
  [4;35;1mMap Columns (1.5ms)[0m   [0mSHOW FIELDS FROM `maps`[0m
  [4;36;1mSpecial Columns (1.0ms)[0m   [0;1mSHOW FIELDS FROM `specials`[0m
  [4;35;1mSize Columns (1.2ms)[0m   [0mSHOW FIELDS FROM `sizes`[0m
  [4;36;1mPicture Columns (1.0ms)[0m   [0;1mSHOW FIELDS FROM `pictures`[0m
  [4;35;1mComment Columns (1.5ms)[0m   [0mSHOW FIELDS FROM `comments`[0m
  [4;36;1mListing Load Including Associations (3.0ms)[0m   [0;1mSELECT `listings`.`id` AS t0_r0, `listings`.`title` AS t0_r1, `listings`.`description` AS t0_r2, `listings`.`enabled` AS t0_r3, `listings`.`user_id` AS t0_r4, `listings`.`created_at` AS t0_r5, `listings`.`updated_at` AS t0_r6, `listings`.`status` AS t0_r7, `listings`.`clicks_count` AS t0_r8, `listings`.`impressions_count` AS t0_r9, `listings`.`reservations_count` AS t0_r10, `listings`.`office_24_hours` AS t0_r11, `listings`.`access_24_hours` AS t0_r12, `listings`.`info_requests_count` AS t0_r13, `listings`.`logo_file_name` AS t0_r14, `listings`.`logo_file_size` AS t0_r15, `listings`.`logo_content_type` AS t0_r16, `listings`.`default_logo` AS t0_r17, `listings`.`category` AS t0_r18, `maps`.`id` AS t1_r0, `maps`.`listing_id` AS t1_r1, `maps`.`address` AS t1_r2, `maps`.`city` AS t1_r3, `maps`.`state` AS t1_r4, `maps`.`zip` AS t1_r5, `maps`.`created_at` AS t1_r6, `maps`.`updated_at` AS t1_r7, `maps`.`phone` AS t1_r8, `maps`.`lat` AS t1_r9, `maps`.`lng` AS t1_r10, `specials`.`id` AS t2_r0, `specials`.`listing_id` AS t2_r1, `specials`.`title` AS t2_r2, `specials`.`description` AS t2_r3, `specials`.`content` AS t2_r4, `specials`.`code` AS t2_r5, `specials`.`enabled` AS t2_r6, `specials`.`position` AS t2_r7, `specials`.`created_at` AS t2_r8, `specials`.`updated_at` AS t2_r9, `sizes`.`id` AS t3_r0, `sizes`.`title` AS t3_r1, `sizes`.`width` AS t3_r2, `sizes`.`length` AS t3_r3, `sizes`.`unit` AS t3_r4, `sizes`.`created_at` AS t3_r5, `sizes`.`updated_at` AS t3_r6, `sizes`.`description` AS t3_r7, `sizes`.`price` AS t3_r8, `sizes`.`listing_id` AS t3_r9, `pictures`.`id` AS t4_r0, `pictures`.`listing_id` AS t4_r1, `pictures`.`title` AS t4_r2, `pictures`.`description` AS t4_r3, `pictures`.`position` AS t4_r4, `pictures`.`created_at` AS t4_r5, `pictures`.`updated_at` AS t4_r6, `pictures`.`facility_image_file_name` AS t4_r7, `pictures`.`facility_image_content_type` AS t4_r8, `pictures`.`facility_image_file_size` AS t4_r9, `comments`.`id` AS t5_r0, `comments`.`title` AS t5_r1, `comments`.`comment` AS t5_r2, `comments`.`created_at` AS t5_r3, `comments`.`commentable_id` AS t5_r4, `comments`.`commentable_type` AS t5_r5, `comments`.`user_id` AS t5_r6, `comments`.`email` AS t5_r7 FROM `listings` LEFT OUTER JOIN `maps` ON maps.listing_id = listings.id LEFT OUTER JOIN `specials` ON specials.listing_id = listings.id LEFT OUTER JOIN `sizes` ON sizes.listing_id = listings.id LEFT OUTER JOIN `pictures` ON pictures.listing_id = listings.id LEFT OUTER JOIN `comments` ON `comments`.commentable_id = `listings`.id AND `comments`.commentable_type = 'Listing'WHERE (((maps.zip = '33162' AND listings.enabled IS TRUE) AND (maps.lat>25.7815095471464 AND maps.lat<26.0706492528536 AND maps.lng>-80.3426744012037 AND maps.lng<-80.0211791987963)) AND (
 (ACOS(least(1,COS(0.452495447663476)*COS(-1.39943862325308)*COS(RADIANS(maps.lat))*COS(RADIANS(maps.lng))+
 COS(0.452495447663476)*SIN(-1.39943862325308)*COS(RADIANS(maps.lat))*SIN(RADIANS(maps.lng))+
 SIN(0.452495447663476)*SIN(RADIANS(maps.lat))))*3963.19)
 <= 10)) [0m
  [4;35;1mClient Columns (1.8ms)[0m   [0mSHOW FIELDS FROM `users`[0m
  [4;36;1mClient Load (0.4ms)[0m   [0;1mSELECT * FROM `users` WHERE (`users`.`id` = 25237) AND ( (`users`.`type` = 'Client' ) ) [0m
  [4;35;1mClient Load (0.2ms)[0m   [0mSELECT * FROM `users` WHERE (`users`.`id` = 25238) AND ( (`users`.`type` = 'Client' ) ) [0m
  [4;36;1mClient Load (0.2ms)[0m   [0;1mSELECT * FROM `users` WHERE (`users`.`id` = 25240) AND ( (`users`.`type` = 'Client' ) ) [0m
  [4;35;1mClient Load (0.1ms)[0m   [0mSELECT * FROM `users` WHERE (`users`.`id` = 25241) AND ( (`users`.`type` = 'Client' ) ) [0m
Rendering template within layouts/storagelocator
Rendering listings/locator
  [4;36;1mBlock Load (0.3ms)[0m   [0;1mSELECT * FROM `blocks` WHERE (`blocks`.`show_in_all` = 'header') [0m
  [4;35;1mBlock Load (0.4ms)[0m   [0mSELECT `blocks`.* FROM `blocks` INNER JOIN `blocks_models` ON `blocks`.id = `blocks_models`.block_id WHERE ((`blocks_models`.model_type = 'Page') AND (`blocks_models`.model_id = 2) AND (place = 'header' AND enabled IS TRUE)) [0m
  [4;36;1mBlock Load (0.2ms)[0m   [0;1mSELECT * FROM `blocks` WHERE (`blocks`.`restful` = 1) [0m
  [4;35;1mBlocksModel Load (0.4ms)[0m   [0mSELECT 'Block' AS polymorphic_parent_class, 'models' AS polymorphic_association_id, blocks_models.block_id AS t0_r3, blocks_models.created_at AS t0_r4, blocks_models.enabled AS t0_r7, blocks_models.id AS t0_r0, blocks_models.model_id AS t0_r1, blocks_models.model_type AS t0_r2, blocks_models.place AS t0_r6, blocks_models.position AS t0_r9, blocks_models.show_title AS t0_r8, blocks_models.updated_at AS t0_r5, links.created_at AS t1_r4, links.group_id AS t1_r6, links.id AS t1_r0, links.path AS t1_r2, links.relative AS t1_r3, links.resource AS t1_r7, links.target_id AS t1_r8, links.title AS t1_r1, links.updated_at AS t1_r5, pages.content AS t2_r7, pages.created_at AS t2_r4, pages.description AS t2_r8, pages.id AS t2_r0, pages.parent_id AS t2_r2, pages.position AS t2_r10, pages.process_erb AS t2_r11, pages.show_in_nav AS t2_r6, pages.show_title AS t2_r9, pages.title AS t2_r1, pages.updated_at AS t2_r5, pages.url AS t2_r3, pages.use_placeholders AS t2_r12, posts.comments_count AS t3_r7, posts.comments_enabled AS t3_r8, posts.content AS t3_r2, posts.created_at AS t3_r5, posts.id AS t3_r0, posts.impressions_count AS t3_r10, posts.position AS t3_r9, posts.published AS t3_r4, posts.title AS t3_r1, posts.updated_at AS t3_r6, posts.user_id AS t3_r3 FROM `blocks_models` JOIN `blocks` AS polymorphic_parent ON `blocks_models`.block_id = polymorphic_parent.id LEFT JOIN `pages` ON `blocks_models`.model_id = `pages`.id AND `blocks_models`.model_type = 'Page' LEFT JOIN `posts` ON `blocks_models`.model_id = `posts`.id AND `blocks_models`.model_type = 'Post' LEFT JOIN `links` ON `blocks_models`.model_id = `links`.id AND `blocks_models`.model_type = 'Link' WHERE ((`blocks_models`.block_id = 16)) [0m
Rendered shared/_model_options (9.3ms)
  [4;36;1mView Columns (1.3ms)[0m   [0;1mSHOW FIELDS FROM `views`[0m
  [4;35;1mSQL (0.3ms)[0m   [0mSELECT count(*) AS count_all FROM `views` INNER JOIN `models_views` ON `views`.id = `models_views`.view_id WHERE ((`models_views`.model_type = 'Block') AND (`models_views`.model_id = 16)) [0m
Rendered blocks/_block (16.8ms)
  [4;36;1mBlock Load (0.3ms)[0m   [0;1mSELECT * FROM `blocks` WHERE (`blocks`.`show_in_all` = 'sidebar') [0m
  [4;35;1mBlock Load (0.5ms)[0m   [0mSELECT `blocks`.* FROM `blocks` INNER JOIN `blocks_models` ON `blocks`.id = `blocks_models`.block_id WHERE ((`blocks_models`.model_type = 'Page') AND (`blocks_models`.model_id = 2) AND (place = 'sidebar' AND enabled IS TRUE)) [0m
  [4;36;1mCACHE (0.0ms)[0m   [0;1mSELECT * FROM `blocks` WHERE (`blocks`.`restful` = 1) [0m
  [4;35;1mBlock Load (0.2ms)[0m   [0mSELECT * FROM `blocks` WHERE (`blocks`.`show_in_all` = 'content_bottom') [0m
  [4;36;1mBlock Load (0.3ms)[0m   [0;1mSELECT `blocks`.* FROM `blocks` INNER JOIN `blocks_models` ON `blocks`.id = `blocks_models`.block_id WHERE ((`blocks_models`.model_type = 'Page') AND (`blocks_models`.model_id = 2) AND (place = 'content_bottom' AND enabled IS TRUE)) [0m
  [4;35;1mCACHE (0.0ms)[0m   [0mSELECT * FROM `blocks` WHERE (`blocks`.`restful` = 1) [0m
  [4;36;1mBlocksModel Load (1.6ms)[0m   [0;1mSELECT 'Block' AS polymorphic_parent_class, 'models' AS polymorphic_association_id, blocks_models.block_id AS t0_r3, blocks_models.created_at AS t0_r4, blocks_models.enabled AS t0_r7, blocks_models.id AS t0_r0, blocks_models.model_id AS t0_r1, blocks_models.model_type AS t0_r2, blocks_models.place AS t0_r6, blocks_models.position AS t0_r9, blocks_models.show_title AS t0_r8, blocks_models.updated_at AS t0_r5, links.created_at AS t1_r4, links.group_id AS t1_r6, links.id AS t1_r0, links.path AS t1_r2, links.relative AS t1_r3, links.resource AS t1_r7, links.target_id AS t1_r8, links.title AS t1_r1, links.updated_at AS t1_r5, pages.content AS t2_r7, pages.created_at AS t2_r4, pages.description AS t2_r8, pages.id AS t2_r0, pages.parent_id AS t2_r2, pages.position AS t2_r10, pages.process_erb AS t2_r11, pages.show_in_nav AS t2_r6, pages.show_title AS t2_r9, pages.title AS t2_r1, pages.updated_at AS t2_r5, pages.url AS t2_r3, pages.use_placeholders AS t2_r12, posts.comments_count AS t3_r7, posts.comments_enabled AS t3_r8, posts.content AS t3_r2, posts.created_at AS t3_r5, posts.id AS t3_r0, posts.impressions_count AS t3_r10, posts.position AS t3_r9, posts.published AS t3_r4, posts.title AS t3_r1, posts.updated_at AS t3_r6, posts.user_id AS t3_r3 FROM `blocks_models` JOIN `blocks` AS polymorphic_parent ON `blocks_models`.block_id = polymorphic_parent.id LEFT JOIN `pages` ON `blocks_models`.model_id = `pages`.id AND `blocks_models`.model_type = 'Page' LEFT JOIN `posts` ON `blocks_models`.model_id = `posts`.id AND `blocks_models`.model_type = 'Post' LEFT JOIN `links` ON `blocks_models`.model_id = `links`.id AND `blocks_models`.model_type = 'Link' WHERE ((`blocks_models`.block_id = 24)) [0m
Rendered shared/_model_options (3.5ms)
Rendered listings/_narrow_search (59.8ms)
  [4;35;1mSQL (0.3ms)[0m   [0mSELECT count(*) AS count_all FROM `views` INNER JOIN `models_views` ON `views`.id = `models_views`.view_id WHERE ((`models_views`.model_type = 'Block') AND (`models_views`.model_id = 24)) [0m
Rendered blocks/_block (270.9ms)
  [4;36;1mBlocksModel Load (0.6ms)[0m   [0;1mSELECT 'Block' AS polymorphic_parent_class, 'models' AS polymorphic_association_id, blocks_models.block_id AS t0_r3, blocks_models.created_at AS t0_r4, blocks_models.enabled AS t0_r7, blocks_models.id AS t0_r0, blocks_models.model_id AS t0_r1, blocks_models.model_type AS t0_r2, blocks_models.place AS t0_r6, blocks_models.position AS t0_r9, blocks_models.show_title AS t0_r8, blocks_models.updated_at AS t0_r5, links.created_at AS t1_r4, links.group_id AS t1_r6, links.id AS t1_r0, links.path AS t1_r2, links.relative AS t1_r3, links.resource AS t1_r7, links.target_id AS t1_r8, links.title AS t1_r1, links.updated_at AS t1_r5, pages.content AS t2_r7, pages.created_at AS t2_r4, pages.description AS t2_r8, pages.id AS t2_r0, pages.parent_id AS t2_r2, pages.position AS t2_r10, pages.process_erb AS t2_r11, pages.show_in_nav AS t2_r6, pages.show_title AS t2_r9, pages.title AS t2_r1, pages.updated_at AS t2_r5, pages.url AS t2_r3, pages.use_placeholders AS t2_r12, posts.comments_count AS t3_r7, posts.comments_enabled AS t3_r8, posts.content AS t3_r2, posts.created_at AS t3_r5, posts.id AS t3_r0, posts.impressions_count AS t3_r10, posts.position AS t3_r9, posts.published AS t3_r4, posts.title AS t3_r1, posts.updated_at AS t3_r6, posts.user_id AS t3_r3 FROM `blocks_models` JOIN `blocks` AS polymorphic_parent ON `blocks_models`.block_id = polymorphic_parent.id LEFT JOIN `pages` ON `blocks_models`.model_id = `pages`.id AND `blocks_models`.model_type = 'Page' LEFT JOIN `posts` ON `blocks_models`.model_id = `posts`.id AND `blocks_models`.model_type = 'Post' LEFT JOIN `links` ON `blocks_models`.model_id = `links`.id AND `blocks_models`.model_type = 'Link' WHERE ((`blocks_models`.block_id = 43)) [0m
Rendered shared/_model_options (3.4ms)
  [4;35;1mSQL (0.5ms)[0m   [0mSELECT count(*) AS count_all FROM `views` INNER JOIN `models_views` ON `views`.id = `models_views`.view_id WHERE ((`models_views`.model_type = 'Block') AND (`models_views`.model_id = 43)) [0m
Rendered blocks/_block (8.5ms)
  [4;36;1mBlock Load (0.4ms)[0m   [0;1mSELECT * FROM `blocks` WHERE (`blocks`.`show_in_all` = 'column_5') [0m
  [4;35;1mBlock Load (0.4ms)[0m   [0mSELECT `blocks`.* FROM `blocks` INNER JOIN `blocks_models` ON `blocks`.id = `blocks_models`.block_id WHERE ((`blocks_models`.model_type = 'Page') AND (`blocks_models`.model_id = 2) AND (place = 'column_5' AND enabled IS TRUE)) [0m
  [4;36;1mCACHE (0.0ms)[0m   [0;1mSELECT * FROM `blocks` WHERE (`blocks`.`restful` = 1) [0m
  [4;35;1mBlocksModel Load (2.2ms)[0m   [0mSELECT 'Block' AS polymorphic_parent_class, 'models' AS polymorphic_association_id, blocks_models.block_id AS t0_r3, blocks_models.created_at AS t0_r4, blocks_models.enabled AS t0_r7, blocks_models.id AS t0_r0, blocks_models.model_id AS t0_r1, blocks_models.model_type AS t0_r2, blocks_models.place AS t0_r6, blocks_models.position AS t0_r9, blocks_models.show_title AS t0_r8, blocks_models.updated_at AS t0_r5, links.created_at AS t1_r4, links.group_id AS t1_r6, links.id AS t1_r0, links.path AS t1_r2, links.relative AS t1_r3, links.resource AS t1_r7, links.target_id AS t1_r8, links.title AS t1_r1, links.updated_at AS t1_r5, pages.content AS t2_r7, pages.created_at AS t2_r4, pages.description AS t2_r8, pages.id AS t2_r0, pages.parent_id AS t2_r2, pages.position AS t2_r10, pages.process_erb AS t2_r11, pages.show_in_nav AS t2_r6, pages.show_title AS t2_r9, pages.title AS t2_r1, pages.updated_at AS t2_r5, pages.url AS t2_r3, pages.use_placeholders AS t2_r12, posts.comments_count AS t3_r7, posts.comments_enabled AS t3_r8, posts.content AS t3_r2, posts.created_at AS t3_r5, posts.id AS t3_r0, posts.impressions_count AS t3_r10, posts.position AS t3_r9, posts.published AS t3_r4, posts.title AS t3_r1, posts.updated_at AS t3_r6, posts.user_id AS t3_r3 FROM `blocks_models` JOIN `blocks` AS polymorphic_parent ON `blocks_models`.block_id = polymorphic_parent.id LEFT JOIN `pages` ON `blocks_models`.model_id = `pages`.id AND `blocks_models`.model_type = 'Page' LEFT JOIN `posts` ON `blocks_models`.model_id = `posts`.id AND `blocks_models`.model_type = 'Post' LEFT JOIN `links` ON `blocks_models`.model_id = `links`.id AND `blocks_models`.model_type = 'Link' WHERE ((`blocks_models`.block_id = 30)) [0m
Rendered shared/_model_options (3.5ms)
  [4;36;1mSQL (0.4ms)[0m   [0;1mSELECT count(*) AS count_all FROM `views` INNER JOIN `models_views` ON `views`.id = `models_views`.view_id WHERE ((`models_views`.model_type = 'Block') AND (`models_views`.model_id = 30)) [0m
  [4;35;1mView Load (0.2ms)[0m   [0mSELECT `views`.* FROM `views` INNER JOIN `models_views` ON `views`.id = `models_views`.view_id WHERE ((`models_views`.model_type = 'Block') AND (`models_views`.model_id = 30)) [0m
  [4;36;1mModelsView Load (0.3ms)[0m   [0;1mSELECT * FROM `models_views` WHERE (`models_views`.`model_id` = 30) AND (`models_views`.view_id = 12) LIMIT 1[0m
  [4;35;1mListing Load (4.4ms)[0m   [0mSELECT id, id FROM `listings` [0m
  [4;36;1mFacilityInfo Load (0.4ms)[0m   [0;1mSELECT * FROM `facility_infos` WHERE (`facility_infos`.listing_id = 59190) LIMIT 1[0m
  [4;35;1mSize Load (0.4ms)[0m   [0mSELECT * FROM `sizes` WHERE (`sizes`.listing_id = 59190) [0m
  [4;36;1mSizeIcon Load (0.2ms)[0m   [0;1mSELECT * FROM `size_icons` WHERE (width = 5 AND length = 5 AND icon_size = 'thumb') LIMIT 1[0m
  [4;35;1mSize Load (0.2ms)[0m   [0mSELECT * FROM `sizes` WHERE (`sizes`.listing_id = 59190 AND (width = 5 AND length = 5)) [0m
  [4;36;1mCACHE (0.0ms)[0m   [0;1mSELECT * FROM `sizes` WHERE (`sizes`.listing_id = 59190 AND (width = 5 AND length = 5)) [0m
  [4;35;1mCACHE (0.0ms)[0m   [0mSELECT * FROM `sizes` WHERE (`sizes`.listing_id = 59190 AND (width = 5 AND length = 5)) [0m
  [4;36;1mWebSpecial Load (0.4ms)[0m   [0;1mSELECT * FROM `web_specials` WHERE (`web_specials`.listing_id = 59190) ORDER BY web_specials.id DESC LIMIT 1[0m
  [4;35;1mCACHE (0.0ms)[0m   [0mSELECT * FROM `web_specials` WHERE (`web_specials`.listing_id = 59190) ORDER BY web_specials.id DESC LIMIT 1[0m
  [4;36;1mWebSpecial Columns (1.4ms)[0m   [0;1mSHOW FIELDS FROM `web_specials`[0m
  [4;35;1mCACHE (0.0ms)[0m   [0mSELECT * FROM `web_specials` WHERE (`web_specials`.listing_id = 59190) ORDER BY web_specials.id DESC LIMIT 1[0m
  [4;36;1mCACHE (0.0ms)[0m   [0;1mSELECT * FROM `web_specials` WHERE (`web_specials`.listing_id = 59190) ORDER BY web_specials.id DESC LIMIT 1[0m
Rendered listings/_unit_detail (15.9ms)
Rendered listings/_result (210.7ms)
  [4;35;1mFacilityInfo Load (0.2ms)[0m   [0mSELECT * FROM `facility_infos` WHERE (`facility_infos`.listing_id = 59194) LIMIT 1[0m
  [4;36;1mSize Load (0.1ms)[0m   [0;1mSELECT * FROM `sizes` WHERE (`sizes`.listing_id = 59194) [0m
  [4;35;1mWebSpecial Load (0.2ms)[0m   [0mSELECT * FROM `web_specials` WHERE (`web_specials`.listing_id = 59194) ORDER BY web_specials.id DESC LIMIT 1[0m
Rendered listings/_unit_detail (1.6ms)
Rendered listings/_result (16.2ms)
  [4;36;1mFacilityInfo Load (0.2ms)[0m   [0;1mSELECT * FROM `facility_infos` WHERE (`facility_infos`.listing_id = 59193) LIMIT 1[0m
  [4;35;1mSize Load (0.3ms)[0m   [0mSELECT * FROM `sizes` WHERE (`sizes`.listing_id = 59193) [0m
  [4;36;1mWebSpecial Load (0.2ms)[0m   [0;1mSELECT * FROM `web_specials` WHERE (`web_specials`.listing_id = 59193) ORDER BY web_specials.id DESC LIMIT 1[0m
Rendered listings/_unit_detail (1.5ms)
Rendered listings/_result (15.2ms)
  [4;35;1mFacilityInfo Load (0.3ms)[0m   [0mSELECT * FROM `facility_infos` WHERE (`facility_infos`.listing_id = 59191) LIMIT 1[0m
  [4;36;1mSize Load (0.2ms)[0m   [0;1mSELECT * FROM `sizes` WHERE (`sizes`.listing_id = 59191) [0m
Rendered listings/_result (13.4ms)
Rendered listings/_paginator (0.9ms)
Rendered views/partials/_greylisting (464.1ms)
Rendered blocks/_block (910.5ms)
  [4;35;1mBlock Load (0.3ms)[0m   [0mSELECT * FROM `blocks` WHERE (`blocks`.`show_in_all` = 'column_6') [0m
  [4;36;1mBlock Load (0.4ms)[0m   [0;1mSELECT `blocks`.* FROM `blocks` INNER JOIN `blocks_models` ON `blocks`.id = `blocks_models`.block_id WHERE ((`blocks_models`.model_type = 'Page') AND (`blocks_models`.model_id = 2) AND (place = 'column_6' AND enabled IS TRUE)) [0m
  [4;35;1mCACHE (0.0ms)[0m   [0mSELECT * FROM `blocks` WHERE (`blocks`.`restful` = 1) [0m
  [4;36;1mBlock Load (0.3ms)[0m   [0;1mSELECT * FROM `blocks` WHERE (`blocks`.`show_in_all` = 'column_7') [0m
  [4;35;1mBlock Load (0.6ms)[0m   [0mSELECT `blocks`.* FROM `blocks` INNER JOIN `blocks_models` ON `blocks`.id = `blocks_models`.block_id WHERE ((`blocks_models`.model_type = 'Page') AND (`blocks_models`.model_id = 2) AND (place = 'column_7' AND enabled IS TRUE)) [0m
  [4;36;1mCACHE (0.0ms)[0m   [0;1mSELECT * FROM `blocks` WHERE (`blocks`.`restful` = 1) [0m
  [4;35;1mBlock Load (0.4ms)[0m   [0mSELECT * FROM `blocks` WHERE (`blocks`.`show_in_all` = 'footer') [0m
  [4;36;1mBlock Load (0.5ms)[0m   [0;1mSELECT `blocks`.* FROM `blocks` INNER JOIN `blocks_models` ON `blocks`.id = `blocks_models`.block_id WHERE ((`blocks_models`.model_type = 'Page') AND (`blocks_models`.model_id = 2) AND (place = 'footer' AND enabled IS TRUE)) [0m
  [4;35;1mCACHE (0.0ms)[0m   [0mSELECT * FROM `blocks` WHERE (`blocks`.`restful` = 1) [0m
  [4;36;1mBlocksModel Load (2.0ms)[0m   [0;1mSELECT 'Block' AS polymorphic_parent_class, 'models' AS polymorphic_association_id, blocks_models.block_id AS t0_r3, blocks_models.created_at AS t0_r4, blocks_models.enabled AS t0_r7, blocks_models.id AS t0_r0, blocks_models.model_id AS t0_r1, blocks_models.model_type AS t0_r2, blocks_models.place AS t0_r6, blocks_models.position AS t0_r9, blocks_models.show_title AS t0_r8, blocks_models.updated_at AS t0_r5, links.created_at AS t1_r4, links.group_id AS t1_r6, links.id AS t1_r0, links.path AS t1_r2, links.relative AS t1_r3, links.resource AS t1_r7, links.target_id AS t1_r8, links.title AS t1_r1, links.updated_at AS t1_r5, pages.content AS t2_r7, pages.created_at AS t2_r4, pages.description AS t2_r8, pages.id AS t2_r0, pages.parent_id AS t2_r2, pages.position AS t2_r10, pages.process_erb AS t2_r11, pages.show_in_nav AS t2_r6, pages.show_title AS t2_r9, pages.title AS t2_r1, pages.updated_at AS t2_r5, pages.url AS t2_r3, pages.use_placeholders AS t2_r12, posts.comments_count AS t3_r7, posts.comments_enabled AS t3_r8, posts.content AS t3_r2, posts.created_at AS t3_r5, posts.id AS t3_r0, posts.impressions_count AS t3_r10, posts.position AS t3_r9, posts.published AS t3_r4, posts.title AS t3_r1, posts.updated_at AS t3_r6, posts.user_id AS t3_r3 FROM `blocks_models` JOIN `blocks` AS polymorphic_parent ON `blocks_models`.block_id = polymorphic_parent.id LEFT JOIN `pages` ON `blocks_models`.model_id = `pages`.id AND `blocks_models`.model_type = 'Page' LEFT JOIN `posts` ON `blocks_models`.model_id = `posts`.id AND `blocks_models`.model_type = 'Post' LEFT JOIN `links` ON `blocks_models`.model_id = `links`.id AND `blocks_models`.model_type = 'Link' WHERE ((`blocks_models`.block_id = 39)) [0m
Rendered shared/_model_options (3.4ms)
  [4;35;1mMap Load (2.8ms)[0m   [0mSELECT city AS name, state, COUNT(maps.id) AS map_count FROM maps WHERE maps.state = 'FL' GROUP BY name, state ORDER BY map_count DESC LIMIT 50[0m
Rendered pages/_short_footer (44.7ms)
  [4;36;1mSQL (0.3ms)[0m   [0;1mSELECT count(*) AS count_all FROM `views` INNER JOIN `models_views` ON `views`.id = `models_views`.view_id WHERE ((`models_views`.model_type = 'Block') AND (`models_views`.model_id = 39)) [0m
Rendered blocks/_block (99.1ms)
Rendered listings/_paginator (0.2ms)
Rendered menus/_topnav (3.4ms)
Rendered pages/_home (0.1ms)
Rendered user_sessions/_form (6.3ms)
Completed in 1994ms (View: 1532, DB: 60) | 200 OK [http://localhost/self-storage/FL/Miami/33162]
** has_many_polymorphs: autoload hook invoked
** has_many_polymorphs: preloading parent model Block
** has_many_polymorphs: associating Block.models
  [4;35;1mSQL (0.1ms)[0m   [0mSET NAMES 'utf8'[0m
  [4;36;1mSQL (0.1ms)[0m   [0;1mSET SQL_AUTO_IS_NULL=0[0m
  [4;35;1mBlocksModel Columns (1.3ms)[0m   [0mSHOW FIELDS FROM `blocks_models`[0m
  [4;36;1mLink Columns (1.0ms)[0m   [0;1mSHOW FIELDS FROM `links`[0m
  [4;35;1mPage Columns (13.6ms)[0m   [0mSHOW FIELDS FROM `pages`[0m
  [4;36;1mPost Columns (15.9ms)[0m   [0;1mSHOW FIELDS FROM `posts`[0m
** has_many_polymorphs: preloading parent model View
** has_many_polymorphs: associating View.models
  [4;35;1mBlock Columns (1.4ms)[0m   [0mSHOW FIELDS FROM `blocks`[0m
  [4;36;1mModelsView Columns (1.2ms)[0m   [0;1mSHOW FIELDS FROM `models_views`[0m


Processing ApplicationController#index (for 127.0.0.1 at 2010-11-05 15:42:40) [GET]

ActionController::RoutingError (No route matches "/images/ui/storagelocator/uncle-bobs.png" with {:method=>:get}):
  /usr/local/lib/ruby/1.8/webrick/httpserver.rb:104:in `service'
  /usr/local/lib/ruby/1.8/webrick/httpserver.rb:65:in `run'
  /usr/local/lib/ruby/1.8/webrick/server.rb:173:in `start_thread'
  /usr/local/lib/ruby/1.8/webrick/server.rb:162:in `start'
  /usr/local/lib/ruby/1.8/webrick/server.rb:162:in `start_thread'
  /usr/local/lib/ruby/1.8/webrick/server.rb:95:in `start'
  /usr/local/lib/ruby/1.8/webrick/server.rb:92:in `each'
  /usr/local/lib/ruby/1.8/webrick/server.rb:92:in `start'
  /usr/local/lib/ruby/1.8/webrick/server.rb:23:in `start'
  /usr/local/lib/ruby/1.8/webrick/server.rb:82:in `start'

Rendering rescues/layout (not_found)
** has_many_polymorphs: autoload hook invoked
** has_many_polymorphs: preloading parent model Block
** has_many_polymorphs: associating Block.models
  [4;35;1mSQL (0.2ms)[0m   [0mSET NAMES 'utf8'[0m
  [4;36;1mSQL (0.0ms)[0m   [0;1mSET SQL_AUTO_IS_NULL=0[0m
  [4;35;1mBlocksModel Columns (1.5ms)[0m   [0mSHOW FIELDS FROM `blocks_models`[0m
  [4;36;1mLink Columns (1.4ms)[0m   [0;1mSHOW FIELDS FROM `links`[0m
  [4;35;1mPage Columns (1.4ms)[0m   [0mSHOW FIELDS FROM `pages`[0m
  [4;36;1mPost Columns (1.0ms)[0m   [0;1mSHOW FIELDS FROM `posts`[0m
** has_many_polymorphs: preloading parent model View
** has_many_polymorphs: associating View.models
  [4;35;1mBlock Columns (1.6ms)[0m   [0mSHOW FIELDS FROM `blocks`[0m
  [4;36;1mModelsView Columns (1.4ms)[0m   [0;1mSHOW FIELDS FROM `models_views`[0m


Processing ListingsController#locator (for 127.0.0.1 at 2010-11-05 15:43:26) [GET]
  Parameters: {"city"=>"Miami", "zip"=>"33162", "action"=>"locator", "controller"=>"listings", "state"=>"FL"}
  [4;35;1mUser Columns (1.7ms)[0m   [0mSHOW FIELDS FROM `users`[0m
  [4;36;1mUser Load (0.3ms)[0m   [0;1mSELECT * FROM `users` WHERE (`users`.`id` = '1') LIMIT 1[0m
  [4;35;1mSQL (0.1ms)[0m   [0mBEGIN[0m
  [4;36;1mUser Update (0.4ms)[0m   [0;1mUPDATE `users` SET `updated_at` = '2010-11-05 19:43:26', `perishable_token` = 'pklKndp-J755IFN1oAGE', `last_request_at` = '2010-11-05 19:43:26' WHERE `id` = 1[0m
  [4;35;1mSQL (0.2ms)[0m   [0mCOMMIT[0m
  [4;36;1mRole Columns (1.4ms)[0m   [0;1mSHOW FIELDS FROM `roles`[0m
  [4;35;1mRole Load (0.3ms)[0m   [0mSELECT * FROM `roles` WHERE (`roles`.`id` = 1) [0m
  [4;36;1mPage Load (0.4ms)[0m   [0;1mSELECT * FROM `pages` WHERE (show_in_nav IS TRUE) ORDER BY position, id[0m
  [4;35;1mAdPartner Load (0.3ms)[0m   [0mSELECT * FROM `ad_partners` WHERE (enabled IS TRUE) [0m
  [4;36;1mSizeIcon Columns (1.1ms)[0m   [0;1mSHOW FIELDS FROM `size_icons`[0m
  [4;35;1mSizeIcon Load (0.3ms)[0m   [0mSELECT * FROM `size_icons` WHERE (`size_icons`.`icon_size` = 'medium') ORDER BY width, length[0m
  [4;36;1mListing Columns (1.5ms)[0m   [0;1mSHOW FIELDS FROM `listings`[0m
  [4;35;1mPage Load (0.3ms)[0m   [0mSELECT * FROM `pages` WHERE (`pages`.`title` = 'Self Storage') LIMIT 1[0m
  [4;36;1mSizeIcon Load (0.3ms)[0m   [0;1mSELECT * FROM `size_icons` WHERE (`size_icons`.`icon_size` = 'thumb') ORDER BY width, length[0m
  [4;35;1mSearch Columns (1.6ms)[0m   [0mSHOW FIELDS FROM `searches`[0m
Google geocoding. Address: , Fl 33162. Result: <?xml version="1.0" encoding="UTF-8" ?>
<kml xmlns="http://earth.google.com/kml/2.0"><Response>
  <name>, Fl 33162</name>
  <Status>
    <code>200</code>
    <request>geocode</request>
  </Status>
  <Placemark id="p1">
    <address>Miami, FL 33162, USA</address>
    <AddressDetails Accuracy="5" xmlns="urn:oasis:names:tc:ciq:xsdschema:xAL:2.0"><Country><CountryNameCode>US</CountryNameCode><CountryName>USA</CountryName><AdministrativeArea><AdministrativeAreaName>FL</AdministrativeAreaName><Locality><LocalityName>Miami</LocalityName><DependentLocality><DependentLocalityName>Uleta</DependentLocalityName><PostalCode><PostalCodeNumber>33162</PostalCodeNumber></PostalCode></DependentLocality></Locality></AdministrativeArea></Country></AddressDetails>
    <ExtendedData>
      <LatLonBox north="25.9462899" south="25.9123239" east="-80.1526050" west="-80.2052470" />
    </ExtendedData>
    <Point><coordinates>-80.1819268,25.9260794,0</coordinates></Point>
  </Placemark>
</Response></kml>
  [4;36;1mSQL (0.2ms)[0m   [0;1mBEGIN[0m
  [4;35;1mSearch Create (0.2ms)[0m   [0mINSERT INTO `searches` (`referrer`, `city`, `zip`, `created_at`, `within`, `remote_ip`, `storage_type`, `updated_at`, `listing_id`, `lft`, `lng`, `features`, `parent_id`, `unit_size`, `lat`, `rgt`, `query`, `state`) VALUES('http://localhost:3000/home', 'Miami', 33162, '2010-11-05 19:43:26', NULL, '127.0.0.1', NULL, '2010-11-05 19:43:26', NULL, NULL, -80.1819268, NULL, NULL, NULL, 25.9260794, NULL, ', Fl 33162', 'FL')[0m
  [4;36;1mSQL (0.1ms)[0m   [0;1mCOMMIT[0m
  [4;35;1mSearch Load (0.2ms)[0m   [0mSELECT * FROM `searches` WHERE (`searches`.`id` = 257) [0m
  [4;36;1mCACHE (0.0ms)[0m   [0;1mSELECT * FROM `searches` WHERE (`searches`.`id` = 257) [0m
  [4;35;1mSearch Load (0.1ms)[0m   [0mSELECT * FROM `searches` WHERE (`searches`.`id` = 258) [0m
  [4;36;1mSQL (0.0ms)[0m   [0;1mBEGIN[0m
  [4;35;1mSearch Update (0.4ms)[0m   [0mUPDATE `searches` SET lft = (lft + 2) WHERE (1 = 1 AND lft >= 4) [0m
  [4;36;1mSearch Update (0.7ms)[0m   [0;1mUPDATE `searches` SET rgt = (rgt + 2) WHERE (1 = 1 AND rgt >= 4) [0m
  [4;35;1mSearch Update (0.4ms)[0m   [0mUPDATE `searches` SET `updated_at` = '2010-11-05 19:43:26', `rgt` = 6 WHERE `id` = 257[0m
  [4;36;1mSearch Update (0.4ms)[0m   [0;1mUPDATE `searches` SET `updated_at` = '2010-11-05 19:43:26', `rgt` = 5, `lft` = 4, `parent_id` = 257 WHERE `id` = 258[0m
  [4;35;1mSQL (0.2ms)[0m   [0mCOMMIT[0m
  [4;36;1mMap Columns (1.5ms)[0m   [0;1mSHOW FIELDS FROM `maps`[0m
  [4;35;1mSpecial Columns (1.3ms)[0m   [0mSHOW FIELDS FROM `specials`[0m
  [4;36;1mSize Columns (1.1ms)[0m   [0;1mSHOW FIELDS FROM `sizes`[0m
  [4;35;1mPicture Columns (1.1ms)[0m   [0mSHOW FIELDS FROM `pictures`[0m
  [4;36;1mComment Columns (1.1ms)[0m   [0;1mSHOW FIELDS FROM `comments`[0m
  [4;35;1mListing Load Including Associations (2.9ms)[0m   [0mSELECT `listings`.`id` AS t0_r0, `listings`.`title` AS t0_r1, `listings`.`description` AS t0_r2, `listings`.`enabled` AS t0_r3, `listings`.`user_id` AS t0_r4, `listings`.`created_at` AS t0_r5, `listings`.`updated_at` AS t0_r6, `listings`.`status` AS t0_r7, `listings`.`clicks_count` AS t0_r8, `listings`.`impressions_count` AS t0_r9, `listings`.`reservations_count` AS t0_r10, `listings`.`office_24_hours` AS t0_r11, `listings`.`access_24_hours` AS t0_r12, `listings`.`info_requests_count` AS t0_r13, `listings`.`logo_file_name` AS t0_r14, `listings`.`logo_file_size` AS t0_r15, `listings`.`logo_content_type` AS t0_r16, `listings`.`default_logo` AS t0_r17, `listings`.`category` AS t0_r18, `maps`.`id` AS t1_r0, `maps`.`listing_id` AS t1_r1, `maps`.`address` AS t1_r2, `maps`.`city` AS t1_r3, `maps`.`state` AS t1_r4, `maps`.`zip` AS t1_r5, `maps`.`created_at` AS t1_r6, `maps`.`updated_at` AS t1_r7, `maps`.`phone` AS t1_r8, `maps`.`lat` AS t1_r9, `maps`.`lng` AS t1_r10, `specials`.`id` AS t2_r0, `specials`.`listing_id` AS t2_r1, `specials`.`title` AS t2_r2, `specials`.`description` AS t2_r3, `specials`.`content` AS t2_r4, `specials`.`code` AS t2_r5, `specials`.`enabled` AS t2_r6, `specials`.`position` AS t2_r7, `specials`.`created_at` AS t2_r8, `specials`.`updated_at` AS t2_r9, `sizes`.`id` AS t3_r0, `sizes`.`title` AS t3_r1, `sizes`.`width` AS t3_r2, `sizes`.`length` AS t3_r3, `sizes`.`unit` AS t3_r4, `sizes`.`created_at` AS t3_r5, `sizes`.`updated_at` AS t3_r6, `sizes`.`description` AS t3_r7, `sizes`.`price` AS t3_r8, `sizes`.`listing_id` AS t3_r9, `pictures`.`id` AS t4_r0, `pictures`.`listing_id` AS t4_r1, `pictures`.`title` AS t4_r2, `pictures`.`description` AS t4_r3, `pictures`.`position` AS t4_r4, `pictures`.`created_at` AS t4_r5, `pictures`.`updated_at` AS t4_r6, `pictures`.`facility_image_file_name` AS t4_r7, `pictures`.`facility_image_content_type` AS t4_r8, `pictures`.`facility_image_file_size` AS t4_r9, `comments`.`id` AS t5_r0, `comments`.`title` AS t5_r1, `comments`.`comment` AS t5_r2, `comments`.`created_at` AS t5_r3, `comments`.`commentable_id` AS t5_r4, `comments`.`commentable_type` AS t5_r5, `comments`.`user_id` AS t5_r6, `comments`.`email` AS t5_r7 FROM `listings` LEFT OUTER JOIN `maps` ON maps.listing_id = listings.id LEFT OUTER JOIN `specials` ON specials.listing_id = listings.id LEFT OUTER JOIN `sizes` ON sizes.listing_id = listings.id LEFT OUTER JOIN `pictures` ON pictures.listing_id = listings.id LEFT OUTER JOIN `comments` ON `comments`.commentable_id = `listings`.id AND `comments`.commentable_type = 'Listing'WHERE (((maps.zip = '33162' AND listings.enabled IS TRUE) AND (maps.lat>25.6369396942928 AND maps.lat<26.2152191057072 AND maps.lng>-80.5034215186843 AND maps.lng<-79.8604320813157)) AND (
 (ACOS(least(1,COS(0.452495447663476)*COS(-1.39943862325308)*COS(RADIANS(maps.lat))*COS(RADIANS(maps.lng))+
 COS(0.452495447663476)*SIN(-1.39943862325308)*COS(RADIANS(maps.lat))*SIN(RADIANS(maps.lng))+
 SIN(0.452495447663476)*SIN(RADIANS(maps.lat))))*3963.19)
 <= 20)) [0m
Rendering template within layouts/storagelocator
Rendering listings/locator
  [4;36;1mBlock Load (0.3ms)[0m   [0;1mSELECT * FROM `blocks` WHERE (`blocks`.`show_in_all` = 'header') [0m
  [4;35;1mBlock Load (0.4ms)[0m   [0mSELECT `blocks`.* FROM `blocks` INNER JOIN `blocks_models` ON `blocks`.id = `blocks_models`.block_id WHERE ((`blocks_models`.model_type = 'Page') AND (`blocks_models`.model_id = 2) AND (place = 'header' AND enabled IS TRUE)) [0m
  [4;36;1mBlock Load (0.3ms)[0m   [0;1mSELECT * FROM `blocks` WHERE (`blocks`.`restful` = 1) [0m
  [4;35;1mBlocksModel Load (0.4ms)[0m   [0mSELECT 'Block' AS polymorphic_parent_class, 'models' AS polymorphic_association_id, blocks_models.block_id AS t0_r3, blocks_models.created_at AS t0_r4, blocks_models.enabled AS t0_r7, blocks_models.id AS t0_r0, blocks_models.model_id AS t0_r1, blocks_models.model_type AS t0_r2, blocks_models.place AS t0_r6, blocks_models.position AS t0_r9, blocks_models.show_title AS t0_r8, blocks_models.updated_at AS t0_r5, links.created_at AS t1_r4, links.group_id AS t1_r6, links.id AS t1_r0, links.path AS t1_r2, links.relative AS t1_r3, links.resource AS t1_r7, links.target_id AS t1_r8, links.title AS t1_r1, links.updated_at AS t1_r5, pages.content AS t2_r7, pages.created_at AS t2_r4, pages.description AS t2_r8, pages.id AS t2_r0, pages.parent_id AS t2_r2, pages.position AS t2_r10, pages.process_erb AS t2_r11, pages.show_in_nav AS t2_r6, pages.show_title AS t2_r9, pages.title AS t2_r1, pages.updated_at AS t2_r5, pages.url AS t2_r3, pages.use_placeholders AS t2_r12, posts.comments_count AS t3_r7, posts.comments_enabled AS t3_r8, posts.content AS t3_r2, posts.created_at AS t3_r5, posts.id AS t3_r0, posts.impressions_count AS t3_r10, posts.position AS t3_r9, posts.published AS t3_r4, posts.title AS t3_r1, posts.updated_at AS t3_r6, posts.user_id AS t3_r3 FROM `blocks_models` JOIN `blocks` AS polymorphic_parent ON `blocks_models`.block_id = polymorphic_parent.id LEFT JOIN `pages` ON `blocks_models`.model_id = `pages`.id AND `blocks_models`.model_type = 'Page' LEFT JOIN `posts` ON `blocks_models`.model_id = `posts`.id AND `blocks_models`.model_type = 'Post' LEFT JOIN `links` ON `blocks_models`.model_id = `links`.id AND `blocks_models`.model_type = 'Link' WHERE ((`blocks_models`.block_id = 16)) [0m
Rendered shared/_model_options (3.3ms)
  [4;36;1mView Columns (1.7ms)[0m   [0;1mSHOW FIELDS FROM `views`[0m
  [4;35;1mSQL (0.4ms)[0m   [0mSELECT count(*) AS count_all FROM `views` INNER JOIN `models_views` ON `views`.id = `models_views`.view_id WHERE ((`models_views`.model_type = 'Block') AND (`models_views`.model_id = 16)) [0m
Rendered blocks/_block (11.1ms)
  [4;36;1mBlock Load (0.3ms)[0m   [0;1mSELECT * FROM `blocks` WHERE (`blocks`.`show_in_all` = 'sidebar') [0m
  [4;35;1mBlock Load (0.5ms)[0m   [0mSELECT `blocks`.* FROM `blocks` INNER JOIN `blocks_models` ON `blocks`.id = `blocks_models`.block_id WHERE ((`blocks_models`.model_type = 'Page') AND (`blocks_models`.model_id = 2) AND (place = 'sidebar' AND enabled IS TRUE)) [0m
  [4;36;1mCACHE (0.0ms)[0m   [0;1mSELECT * FROM `blocks` WHERE (`blocks`.`restful` = 1) [0m
  [4;35;1mBlock Load (0.4ms)[0m   [0mSELECT * FROM `blocks` WHERE (`blocks`.`show_in_all` = 'content_bottom') [0m
  [4;36;1mBlock Load (0.4ms)[0m   [0;1mSELECT `blocks`.* FROM `blocks` INNER JOIN `blocks_models` ON `blocks`.id = `blocks_models`.block_id WHERE ((`blocks_models`.model_type = 'Page') AND (`blocks_models`.model_id = 2) AND (place = 'content_bottom' AND enabled IS TRUE)) [0m
  [4;35;1mCACHE (0.0ms)[0m   [0mSELECT * FROM `blocks` WHERE (`blocks`.`restful` = 1) [0m
  [4;36;1mBlocksModel Load (2.0ms)[0m   [0;1mSELECT 'Block' AS polymorphic_parent_class, 'models' AS polymorphic_association_id, blocks_models.block_id AS t0_r3, blocks_models.created_at AS t0_r4, blocks_models.enabled AS t0_r7, blocks_models.id AS t0_r0, blocks_models.model_id AS t0_r1, blocks_models.model_type AS t0_r2, blocks_models.place AS t0_r6, blocks_models.position AS t0_r9, blocks_models.show_title AS t0_r8, blocks_models.updated_at AS t0_r5, links.created_at AS t1_r4, links.group_id AS t1_r6, links.id AS t1_r0, links.path AS t1_r2, links.relative AS t1_r3, links.resource AS t1_r7, links.target_id AS t1_r8, links.title AS t1_r1, links.updated_at AS t1_r5, pages.content AS t2_r7, pages.created_at AS t2_r4, pages.description AS t2_r8, pages.id AS t2_r0, pages.parent_id AS t2_r2, pages.position AS t2_r10, pages.process_erb AS t2_r11, pages.show_in_nav AS t2_r6, pages.show_title AS t2_r9, pages.title AS t2_r1, pages.updated_at AS t2_r5, pages.url AS t2_r3, pages.use_placeholders AS t2_r12, posts.comments_count AS t3_r7, posts.comments_enabled AS t3_r8, posts.content AS t3_r2, posts.created_at AS t3_r5, posts.id AS t3_r0, posts.impressions_count AS t3_r10, posts.position AS t3_r9, posts.published AS t3_r4, posts.title AS t3_r1, posts.updated_at AS t3_r6, posts.user_id AS t3_r3 FROM `blocks_models` JOIN `blocks` AS polymorphic_parent ON `blocks_models`.block_id = polymorphic_parent.id LEFT JOIN `pages` ON `blocks_models`.model_id = `pages`.id AND `blocks_models`.model_type = 'Page' LEFT JOIN `posts` ON `blocks_models`.model_id = `posts`.id AND `blocks_models`.model_type = 'Post' LEFT JOIN `links` ON `blocks_models`.model_id = `links`.id AND `blocks_models`.model_type = 'Link' WHERE ((`blocks_models`.block_id = 24)) [0m
Rendered shared/_model_options (3.4ms)
Rendered listings/_narrow_search (151.4ms)
  [4;35;1mSQL (0.4ms)[0m   [0mSELECT count(*) AS count_all FROM `views` INNER JOIN `models_views` ON `views`.id = `models_views`.view_id WHERE ((`models_views`.model_type = 'Block') AND (`models_views`.model_id = 24)) [0m
Rendered blocks/_block (212.8ms)
  [4;36;1mBlocksModel Load (0.4ms)[0m   [0;1mSELECT 'Block' AS polymorphic_parent_class, 'models' AS polymorphic_association_id, blocks_models.block_id AS t0_r3, blocks_models.created_at AS t0_r4, blocks_models.enabled AS t0_r7, blocks_models.id AS t0_r0, blocks_models.model_id AS t0_r1, blocks_models.model_type AS t0_r2, blocks_models.place AS t0_r6, blocks_models.position AS t0_r9, blocks_models.show_title AS t0_r8, blocks_models.updated_at AS t0_r5, links.created_at AS t1_r4, links.group_id AS t1_r6, links.id AS t1_r0, links.path AS t1_r2, links.relative AS t1_r3, links.resource AS t1_r7, links.target_id AS t1_r8, links.title AS t1_r1, links.updated_at AS t1_r5, pages.content AS t2_r7, pages.created_at AS t2_r4, pages.description AS t2_r8, pages.id AS t2_r0, pages.parent_id AS t2_r2, pages.position AS t2_r10, pages.process_erb AS t2_r11, pages.show_in_nav AS t2_r6, pages.show_title AS t2_r9, pages.title AS t2_r1, pages.updated_at AS t2_r5, pages.url AS t2_r3, pages.use_placeholders AS t2_r12, posts.comments_count AS t3_r7, posts.comments_enabled AS t3_r8, posts.content AS t3_r2, posts.created_at AS t3_r5, posts.id AS t3_r0, posts.impressions_count AS t3_r10, posts.position AS t3_r9, posts.published AS t3_r4, posts.title AS t3_r1, posts.updated_at AS t3_r6, posts.user_id AS t3_r3 FROM `blocks_models` JOIN `blocks` AS polymorphic_parent ON `blocks_models`.block_id = polymorphic_parent.id LEFT JOIN `pages` ON `blocks_models`.model_id = `pages`.id AND `blocks_models`.model_type = 'Page' LEFT JOIN `posts` ON `blocks_models`.model_id = `posts`.id AND `blocks_models`.model_type = 'Post' LEFT JOIN `links` ON `blocks_models`.model_id = `links`.id AND `blocks_models`.model_type = 'Link' WHERE ((`blocks_models`.block_id = 43)) [0m
Rendered shared/_model_options (3.5ms)
  [4;35;1mSQL (0.4ms)[0m   [0mSELECT count(*) AS count_all FROM `views` INNER JOIN `models_views` ON `views`.id = `models_views`.view_id WHERE ((`models_views`.model_type = 'Block') AND (`models_views`.model_id = 43)) [0m
Rendered blocks/_block (8.4ms)
  [4;36;1mBlock Load (0.4ms)[0m   [0;1mSELECT * FROM `blocks` WHERE (`blocks`.`show_in_all` = 'column_5') [0m
  [4;35;1mBlock Load (0.6ms)[0m   [0mSELECT `blocks`.* FROM `blocks` INNER JOIN `blocks_models` ON `blocks`.id = `blocks_models`.block_id WHERE ((`blocks_models`.model_type = 'Page') AND (`blocks_models`.model_id = 2) AND (place = 'column_5' AND enabled IS TRUE)) [0m
  [4;36;1mCACHE (0.0ms)[0m   [0;1mSELECT * FROM `blocks` WHERE (`blocks`.`restful` = 1) [0m
  [4;35;1mBlocksModel Load (1.8ms)[0m   [0mSELECT 'Block' AS polymorphic_parent_class, 'models' AS polymorphic_association_id, blocks_models.block_id AS t0_r3, blocks_models.created_at AS t0_r4, blocks_models.enabled AS t0_r7, blocks_models.id AS t0_r0, blocks_models.model_id AS t0_r1, blocks_models.model_type AS t0_r2, blocks_models.place AS t0_r6, blocks_models.position AS t0_r9, blocks_models.show_title AS t0_r8, blocks_models.updated_at AS t0_r5, links.created_at AS t1_r4, links.group_id AS t1_r6, links.id AS t1_r0, links.path AS t1_r2, links.relative AS t1_r3, links.resource AS t1_r7, links.target_id AS t1_r8, links.title AS t1_r1, links.updated_at AS t1_r5, pages.content AS t2_r7, pages.created_at AS t2_r4, pages.description AS t2_r8, pages.id AS t2_r0, pages.parent_id AS t2_r2, pages.position AS t2_r10, pages.process_erb AS t2_r11, pages.show_in_nav AS t2_r6, pages.show_title AS t2_r9, pages.title AS t2_r1, pages.updated_at AS t2_r5, pages.url AS t2_r3, pages.use_placeholders AS t2_r12, posts.comments_count AS t3_r7, posts.comments_enabled AS t3_r8, posts.content AS t3_r2, posts.created_at AS t3_r5, posts.id AS t3_r0, posts.impressions_count AS t3_r10, posts.position AS t3_r9, posts.published AS t3_r4, posts.title AS t3_r1, posts.updated_at AS t3_r6, posts.user_id AS t3_r3 FROM `blocks_models` JOIN `blocks` AS polymorphic_parent ON `blocks_models`.block_id = polymorphic_parent.id LEFT JOIN `pages` ON `blocks_models`.model_id = `pages`.id AND `blocks_models`.model_type = 'Page' LEFT JOIN `posts` ON `blocks_models`.model_id = `posts`.id AND `blocks_models`.model_type = 'Post' LEFT JOIN `links` ON `blocks_models`.model_id = `links`.id AND `blocks_models`.model_type = 'Link' WHERE ((`blocks_models`.block_id = 30)) [0m
Rendered shared/_model_options (3.4ms)
  [4;36;1mSQL (0.3ms)[0m   [0;1mSELECT count(*) AS count_all FROM `views` INNER JOIN `models_views` ON `views`.id = `models_views`.view_id WHERE ((`models_views`.model_type = 'Block') AND (`models_views`.model_id = 30)) [0m
  [4;35;1mView Load (0.3ms)[0m   [0mSELECT `views`.* FROM `views` INNER JOIN `models_views` ON `views`.id = `models_views`.view_id WHERE ((`models_views`.model_type = 'Block') AND (`models_views`.model_id = 30)) [0m
  [4;36;1mModelsView Load (0.3ms)[0m   [0;1mSELECT * FROM `models_views` WHERE (`models_views`.`model_id` = 30) AND (`models_views`.view_id = 12) LIMIT 1[0m
  [4;35;1mListing Load (3.9ms)[0m   [0mSELECT id, id FROM `listings` [0m
  [4;36;1mClient Columns (1.7ms)[0m   [0;1mSHOW FIELDS FROM `users`[0m
  [4;35;1mClient Load (0.4ms)[0m   [0mSELECT * FROM `users` WHERE (`users`.`id` = 25241) AND ( (`users`.`type` = 'Client' ) ) [0m
  [4;36;1mFacilityInfo Load (0.4ms)[0m   [0;1mSELECT * FROM `facility_infos` WHERE (`facility_infos`.listing_id = 59194) LIMIT 1[0m
  [4;35;1mSize Load (0.3ms)[0m   [0mSELECT * FROM `sizes` WHERE (`sizes`.listing_id = 59194) [0m
  [4;36;1mWebSpecial Load (0.1ms)[0m   [0;1mSELECT * FROM `web_specials` WHERE (`web_specials`.listing_id = 59194) ORDER BY web_specials.id DESC LIMIT 1[0m
Rendered listings/_unit_detail (6.8ms)
Rendered listings/_result (40.6ms)
  [4;35;1mClient Load (0.3ms)[0m   [0mSELECT * FROM `users` WHERE (`users`.`id` = 25240) AND ( (`users`.`type` = 'Client' ) ) [0m
  [4;36;1mFacilityInfo Load (0.2ms)[0m   [0;1mSELECT * FROM `facility_infos` WHERE (`facility_infos`.listing_id = 59193) LIMIT 1[0m
  [4;35;1mSize Load (0.3ms)[0m   [0mSELECT * FROM `sizes` WHERE (`sizes`.listing_id = 59193) [0m
  [4;36;1mWebSpecial Load (0.2ms)[0m   [0;1mSELECT * FROM `web_specials` WHERE (`web_specials`.listing_id = 59193) ORDER BY web_specials.id DESC LIMIT 1[0m
Rendered listings/_unit_detail (1.5ms)
Rendered listings/_result (15.7ms)
  [4;35;1mClient Load (0.3ms)[0m   [0mSELECT * FROM `users` WHERE (`users`.`id` = 25237) AND ( (`users`.`type` = 'Client' ) ) [0m
  [4;36;1mFacilityInfo Load (0.2ms)[0m   [0;1mSELECT * FROM `facility_infos` WHERE (`facility_infos`.listing_id = 59190) LIMIT 1[0m
  [4;35;1mSize Load (0.3ms)[0m   [0mSELECT * FROM `sizes` WHERE (`sizes`.listing_id = 59190) [0m
  [4;36;1mSizeIcon Load (0.3ms)[0m   [0;1mSELECT * FROM `size_icons` WHERE (width = 5 AND length = 5 AND icon_size = 'thumb') LIMIT 1[0m
  [4;35;1mSize Load (0.3ms)[0m   [0mSELECT * FROM `sizes` WHERE (`sizes`.listing_id = 59190 AND (width = 5 AND length = 5)) [0m
  [4;36;1mCACHE (0.0ms)[0m   [0;1mSELECT * FROM `sizes` WHERE (`sizes`.listing_id = 59190 AND (width = 5 AND length = 5)) [0m
  [4;35;1mCACHE (0.0ms)[0m   [0mSELECT * FROM `sizes` WHERE (`sizes`.listing_id = 59190 AND (width = 5 AND length = 5)) [0m
  [4;36;1mWebSpecial Load (0.2ms)[0m   [0;1mSELECT * FROM `web_specials` WHERE (`web_specials`.listing_id = 59190) ORDER BY web_specials.id DESC LIMIT 1[0m
  [4;35;1mCACHE (0.0ms)[0m   [0mSELECT * FROM `web_specials` WHERE (`web_specials`.listing_id = 59190) ORDER BY web_specials.id DESC LIMIT 1[0m
  [4;36;1mWebSpecial Columns (1.4ms)[0m   [0;1mSHOW FIELDS FROM `web_specials`[0m
  [4;35;1mCACHE (0.0ms)[0m   [0mSELECT * FROM `web_specials` WHERE (`web_specials`.listing_id = 59190) ORDER BY web_specials.id DESC LIMIT 1[0m
  [4;36;1mCACHE (0.0ms)[0m   [0;1mSELECT * FROM `web_specials` WHERE (`web_specials`.listing_id = 59190) ORDER BY web_specials.id DESC LIMIT 1[0m
Rendered listings/_unit_detail (7.7ms)
Rendered listings/_result (34.0ms)
  [4;35;1mClient Load (0.3ms)[0m   [0mSELECT * FROM `users` WHERE (`users`.`id` = 25238) AND ( (`users`.`type` = 'Client' ) ) [0m
  [4;36;1mFacilityInfo Load (0.2ms)[0m   [0;1mSELECT * FROM `facility_infos` WHERE (`facility_infos`.listing_id = 59191) LIMIT 1[0m
  [4;35;1mSize Load (0.2ms)[0m   [0mSELECT * FROM `sizes` WHERE (`sizes`.listing_id = 59191) [0m
Rendered listings/_result (15.8ms)
Rendered listings/_paginator (0.3ms)
Rendered views/partials/_greylisting (108.1ms)
Rendered blocks/_block (396.4ms)
  [4;36;1mBlock Load (0.3ms)[0m   [0;1mSELECT * FROM `blocks` WHERE (`blocks`.`show_in_all` = 'column_6') [0m
  [4;35;1mBlock Load (0.4ms)[0m   [0mSELECT `blocks`.* FROM `blocks` INNER JOIN `blocks_models` ON `blocks`.id = `blocks_models`.block_id WHERE ((`blocks_models`.model_type = 'Page') AND (`blocks_models`.model_id = 2) AND (place = 'column_6' AND enabled IS TRUE)) [0m
  [4;36;1mCACHE (0.0ms)[0m   [0;1mSELECT * FROM `blocks` WHERE (`blocks`.`restful` = 1) [0m
  [4;35;1mBlock Load (0.3ms)[0m   [0mSELECT * FROM `blocks` WHERE (`blocks`.`show_in_all` = 'column_7') [0m
  [4;36;1mBlock Load (0.5ms)[0m   [0;1mSELECT `blocks`.* FROM `blocks` INNER JOIN `blocks_models` ON `blocks`.id = `blocks_models`.block_id WHERE ((`blocks_models`.model_type = 'Page') AND (`blocks_models`.model_id = 2) AND (place = 'column_7' AND enabled IS TRUE)) [0m
  [4;35;1mCACHE (0.0ms)[0m   [0mSELECT * FROM `blocks` WHERE (`blocks`.`restful` = 1) [0m
  [4;36;1mBlock Load (0.2ms)[0m   [0;1mSELECT * FROM `blocks` WHERE (`blocks`.`show_in_all` = 'footer') [0m
  [4;35;1mBlock Load (0.4ms)[0m   [0mSELECT `blocks`.* FROM `blocks` INNER JOIN `blocks_models` ON `blocks`.id = `blocks_models`.block_id WHERE ((`blocks_models`.model_type = 'Page') AND (`blocks_models`.model_id = 2) AND (place = 'footer' AND enabled IS TRUE)) [0m
  [4;36;1mCACHE (0.0ms)[0m   [0;1mSELECT * FROM `blocks` WHERE (`blocks`.`restful` = 1) [0m
  [4;35;1mBlocksModel Load (1.5ms)[0m   [0mSELECT 'Block' AS polymorphic_parent_class, 'models' AS polymorphic_association_id, blocks_models.block_id AS t0_r3, blocks_models.created_at AS t0_r4, blocks_models.enabled AS t0_r7, blocks_models.id AS t0_r0, blocks_models.model_id AS t0_r1, blocks_models.model_type AS t0_r2, blocks_models.place AS t0_r6, blocks_models.position AS t0_r9, blocks_models.show_title AS t0_r8, blocks_models.updated_at AS t0_r5, links.created_at AS t1_r4, links.group_id AS t1_r6, links.id AS t1_r0, links.path AS t1_r2, links.relative AS t1_r3, links.resource AS t1_r7, links.target_id AS t1_r8, links.title AS t1_r1, links.updated_at AS t1_r5, pages.content AS t2_r7, pages.created_at AS t2_r4, pages.description AS t2_r8, pages.id AS t2_r0, pages.parent_id AS t2_r2, pages.position AS t2_r10, pages.process_erb AS t2_r11, pages.show_in_nav AS t2_r6, pages.show_title AS t2_r9, pages.title AS t2_r1, pages.updated_at AS t2_r5, pages.url AS t2_r3, pages.use_placeholders AS t2_r12, posts.comments_count AS t3_r7, posts.comments_enabled AS t3_r8, posts.content AS t3_r2, posts.created_at AS t3_r5, posts.id AS t3_r0, posts.impressions_count AS t3_r10, posts.position AS t3_r9, posts.published AS t3_r4, posts.title AS t3_r1, posts.updated_at AS t3_r6, posts.user_id AS t3_r3 FROM `blocks_models` JOIN `blocks` AS polymorphic_parent ON `blocks_models`.block_id = polymorphic_parent.id LEFT JOIN `pages` ON `blocks_models`.model_id = `pages`.id AND `blocks_models`.model_type = 'Page' LEFT JOIN `posts` ON `blocks_models`.model_id = `posts`.id AND `blocks_models`.model_type = 'Post' LEFT JOIN `links` ON `blocks_models`.model_id = `links`.id AND `blocks_models`.model_type = 'Link' WHERE ((`blocks_models`.block_id = 39)) [0m
Rendered shared/_model_options (3.4ms)
  [4;36;1mMap Load (2.7ms)[0m   [0;1mSELECT city AS name, state, COUNT(maps.id) AS map_count FROM maps WHERE maps.state = 'FL' GROUP BY name, state ORDER BY map_count DESC LIMIT 50[0m
Rendered pages/_short_footer (43.6ms)
  [4;35;1mSQL (0.5ms)[0m   [0mSELECT count(*) AS count_all FROM `views` INNER JOIN `models_views` ON `views`.id = `models_views`.view_id WHERE ((`models_views`.model_type = 'Block') AND (`models_views`.model_id = 39)) [0m
Rendered blocks/_block (95.8ms)
Rendered listings/_paginator (0.2ms)
Rendered menus/_topnav (3.4ms)
Rendered pages/_home (0.1ms)
Rendered user_sessions/_form (6.5ms)
Completed in 1534ms (View: 843, DB: 61) | 200 OK [http://localhost/self-storage/FL/Miami/33162]
** has_many_polymorphs: autoload hook invoked
** has_many_polymorphs: preloading parent model Block
** has_many_polymorphs: associating Block.models
  [4;36;1mSQL (0.1ms)[0m   [0;1mSET NAMES 'utf8'[0m
  [4;35;1mSQL (0.0ms)[0m   [0mSET SQL_AUTO_IS_NULL=0[0m
  [4;36;1mBlocksModel Columns (1.4ms)[0m   [0;1mSHOW FIELDS FROM `blocks_models`[0m
  [4;35;1mLink Columns (1.1ms)[0m   [0mSHOW FIELDS FROM `links`[0m
  [4;36;1mPage Columns (1.4ms)[0m   [0;1mSHOW FIELDS FROM `pages`[0m
  [4;35;1mPost Columns (1.3ms)[0m   [0mSHOW FIELDS FROM `posts`[0m
** has_many_polymorphs: preloading parent model View
** has_many_polymorphs: associating View.models
  [4;36;1mBlock Columns (1.4ms)[0m   [0;1mSHOW FIELDS FROM `blocks`[0m
  [4;35;1mModelsView Columns (1.7ms)[0m   [0mSHOW FIELDS FROM `models_views`[0m


Processing ApplicationController#index (for 127.0.0.1 at 2010-11-05 15:43:28) [GET]

ActionController::RoutingError (No route matches "/images/ui/storagelocator/uncle-bobs.png" with {:method=>:get}):
  /usr/local/lib/ruby/1.8/webrick/httpserver.rb:104:in `service'
  /usr/local/lib/ruby/1.8/webrick/httpserver.rb:65:in `run'
  /usr/local/lib/ruby/1.8/webrick/server.rb:173:in `start_thread'
  /usr/local/lib/ruby/1.8/webrick/server.rb:162:in `start'
  /usr/local/lib/ruby/1.8/webrick/server.rb:162:in `start_thread'
  /usr/local/lib/ruby/1.8/webrick/server.rb:95:in `start'
  /usr/local/lib/ruby/1.8/webrick/server.rb:92:in `each'
  /usr/local/lib/ruby/1.8/webrick/server.rb:92:in `start'
  /usr/local/lib/ruby/1.8/webrick/server.rb:23:in `start'
  /usr/local/lib/ruby/1.8/webrick/server.rb:82:in `start'

Rendering rescues/layout (not_found)
** has_many_polymorphs: autoload hook invoked
** has_many_polymorphs: preloading parent model Block
** has_many_polymorphs: associating Block.models
  [4;36;1mSQL (0.1ms)[0m   [0;1mSET NAMES 'utf8'[0m
  [4;35;1mSQL (0.1ms)[0m   [0mSET SQL_AUTO_IS_NULL=0[0m
  [4;36;1mBlocksModel Columns (1.0ms)[0m   [0;1mSHOW FIELDS FROM `blocks_models`[0m
  [4;35;1mLink Columns (1.2ms)[0m   [0mSHOW FIELDS FROM `links`[0m
  [4;36;1mPage Columns (1.4ms)[0m   [0;1mSHOW FIELDS FROM `pages`[0m
  [4;35;1mPost Columns (1.5ms)[0m   [0mSHOW FIELDS FROM `posts`[0m
** has_many_polymorphs: preloading parent model View
** has_many_polymorphs: associating View.models
  [4;36;1mBlock Columns (1.5ms)[0m   [0;1mSHOW FIELDS FROM `blocks`[0m
  [4;35;1mModelsView Columns (1.4ms)[0m   [0mSHOW FIELDS FROM `models_views`[0m


Processing ApplicationController#index (for 127.0.0.1 at 2010-11-05 15:43:29) [GET]

ActionController::RoutingError (No route matches "/images/ui/storagelocator/uncle-bobs.png" with {:method=>:get}):
  /usr/local/lib/ruby/1.8/webrick/httpserver.rb:104:in `service'
  /usr/local/lib/ruby/1.8/webrick/httpserver.rb:65:in `run'
  /usr/local/lib/ruby/1.8/webrick/server.rb:173:in `start_thread'
  /usr/local/lib/ruby/1.8/webrick/server.rb:162:in `start'
  /usr/local/lib/ruby/1.8/webrick/server.rb:162:in `start_thread'
  /usr/local/lib/ruby/1.8/webrick/server.rb:95:in `start'
  /usr/local/lib/ruby/1.8/webrick/server.rb:92:in `each'
  /usr/local/lib/ruby/1.8/webrick/server.rb:92:in `start'
  /usr/local/lib/ruby/1.8/webrick/server.rb:23:in `start'
  /usr/local/lib/ruby/1.8/webrick/server.rb:82:in `start'

Rendering rescues/layout (not_found)
** has_many_polymorphs: autoload hook invoked
** has_many_polymorphs: preloading parent model Block
** has_many_polymorphs: associating Block.models
  [4;36;1mSQL (0.1ms)[0m   [0;1mSET NAMES 'utf8'[0m
  [4;35;1mSQL (0.1ms)[0m   [0mSET SQL_AUTO_IS_NULL=0[0m
  [4;36;1mBlocksModel Columns (1.4ms)[0m   [0;1mSHOW FIELDS FROM `blocks_models`[0m
  [4;35;1mLink Columns (1.3ms)[0m   [0mSHOW FIELDS FROM `links`[0m
  [4;36;1mPage Columns (1.4ms)[0m   [0;1mSHOW FIELDS FROM `pages`[0m
  [4;35;1mPost Columns (1.6ms)[0m   [0mSHOW FIELDS FROM `posts`[0m
** has_many_polymorphs: preloading parent model View
** has_many_polymorphs: associating View.models
  [4;36;1mBlock Columns (1.6ms)[0m   [0;1mSHOW FIELDS FROM `blocks`[0m
  [4;35;1mModelsView Columns (1.5ms)[0m   [0mSHOW FIELDS FROM `models_views`[0m


Processing ListingsController#locator (for 127.0.0.1 at 2010-11-05 15:45:08) [GET]
  Parameters: {"city"=>"Miami", "zip"=>"33162", "action"=>"locator", "controller"=>"listings", "state"=>"FL"}
  [4;36;1mUser Columns (1.8ms)[0m   [0;1mSHOW FIELDS FROM `users`[0m
  [4;35;1mUser Load (0.4ms)[0m   [0mSELECT * FROM `users` WHERE (`users`.`id` = '1') LIMIT 1[0m
  [4;36;1mSQL (0.2ms)[0m   [0;1mBEGIN[0m
  [4;35;1mUser Update (0.4ms)[0m   [0mUPDATE `users` SET `updated_at` = '2010-11-05 19:45:08', `perishable_token` = 'KFLo-Iw9lYY6TU3dNP4T', `last_request_at` = '2010-11-05 19:45:08' WHERE `id` = 1[0m
  [4;36;1mSQL (0.2ms)[0m   [0;1mCOMMIT[0m
  [4;35;1mRole Columns (1.3ms)[0m   [0mSHOW FIELDS FROM `roles`[0m
  [4;36;1mRole Load (0.2ms)[0m   [0;1mSELECT * FROM `roles` WHERE (`roles`.`id` = 1) [0m
  [4;35;1mPage Load (0.2ms)[0m   [0mSELECT * FROM `pages` WHERE (show_in_nav IS TRUE) ORDER BY position, id[0m
  [4;36;1mAdPartner Load (0.1ms)[0m   [0;1mSELECT * FROM `ad_partners` WHERE (enabled IS TRUE) [0m
  [4;35;1mSizeIcon Columns (1.5ms)[0m   [0mSHOW FIELDS FROM `size_icons`[0m
  [4;36;1mSizeIcon Load (0.3ms)[0m   [0;1mSELECT * FROM `size_icons` WHERE (`size_icons`.`icon_size` = 'medium') ORDER BY width, length[0m
  [4;35;1mListing Columns (1.5ms)[0m   [0mSHOW FIELDS FROM `listings`[0m
  [4;36;1mPage Load (0.2ms)[0m   [0;1mSELECT * FROM `pages` WHERE (`pages`.`title` = 'Self Storage') LIMIT 1[0m
  [4;35;1mSizeIcon Load (0.2ms)[0m   [0mSELECT * FROM `size_icons` WHERE (`size_icons`.`icon_size` = 'thumb') ORDER BY width, length[0m
  [4;36;1mSearch Columns (1.5ms)[0m   [0;1mSHOW FIELDS FROM `searches`[0m
Google geocoding. Address: , Fl 33162. Result: <?xml version="1.0" encoding="UTF-8" ?>
<kml xmlns="http://earth.google.com/kml/2.0"><Response>
  <name>, Fl 33162</name>
  <Status>
    <code>200</code>
    <request>geocode</request>
  </Status>
  <Placemark id="p1">
    <address>Miami, FL 33162, USA</address>
    <AddressDetails Accuracy="5" xmlns="urn:oasis:names:tc:ciq:xsdschema:xAL:2.0"><Country><CountryNameCode>US</CountryNameCode><CountryName>USA</CountryName><AdministrativeArea><AdministrativeAreaName>FL</AdministrativeAreaName><Locality><LocalityName>Miami</LocalityName><DependentLocality><DependentLocalityName>Uleta</DependentLocalityName><PostalCode><PostalCodeNumber>33162</PostalCodeNumber></PostalCode></DependentLocality></Locality></AdministrativeArea></Country></AddressDetails>
    <ExtendedData>
      <LatLonBox north="25.9462899" south="25.9123239" east="-80.1526050" west="-80.2052470" />
    </ExtendedData>
    <Point><coordinates>-80.1819268,25.9260794,0</coordinates></Point>
  </Placemark>
</Response></kml>
  [4;35;1mSQL (0.2ms)[0m   [0mBEGIN[0m
  [4;36;1mSearch Create (0.3ms)[0m   [0;1mINSERT INTO `searches` (`referrer`, `city`, `zip`, `created_at`, `within`, `remote_ip`, `storage_type`, `updated_at`, `listing_id`, `lft`, `lng`, `features`, `parent_id`, `unit_size`, `lat`, `rgt`, `query`, `state`) VALUES('http://localhost:3000/home', 'Miami', 33162, '2010-11-05 19:45:08', NULL, '127.0.0.1', NULL, '2010-11-05 19:45:08', NULL, NULL, -80.1819268, NULL, NULL, NULL, 25.9260794, NULL, ', Fl 33162', 'FL')[0m
  [4;35;1mSQL (0.1ms)[0m   [0mCOMMIT[0m
  [4;36;1mSearch Load (0.2ms)[0m   [0;1mSELECT * FROM `searches` WHERE (`searches`.`id` = 258) [0m
  [4;35;1mCACHE (0.0ms)[0m   [0mSELECT * FROM `searches` WHERE (`searches`.`id` = 258) [0m
  [4;36;1mSearch Load (0.2ms)[0m   [0;1mSELECT * FROM `searches` WHERE (`searches`.`id` = 259) [0m
  [4;35;1mSQL (0.1ms)[0m   [0mBEGIN[0m
  [4;36;1mSearch Update (0.6ms)[0m   [0;1mUPDATE `searches` SET lft = (lft + 2) WHERE (1 = 1 AND lft >= 5) [0m
  [4;35;1mSearch Update (0.8ms)[0m   [0mUPDATE `searches` SET rgt = (rgt + 2) WHERE (1 = 1 AND rgt >= 5) [0m
  [4;36;1mSearch Update (0.3ms)[0m   [0;1mUPDATE `searches` SET `updated_at` = '2010-11-05 19:45:08', `rgt` = 7 WHERE `id` = 258[0m
  [4;35;1mSearch Update (0.2ms)[0m   [0mUPDATE `searches` SET `updated_at` = '2010-11-05 19:45:08', `rgt` = 6, `lft` = 5, `parent_id` = 258 WHERE `id` = 259[0m
  [4;36;1mSQL (0.2ms)[0m   [0;1mCOMMIT[0m
  [4;35;1mMap Columns (1.4ms)[0m   [0mSHOW FIELDS FROM `maps`[0m
  [4;36;1mSpecial Columns (1.2ms)[0m   [0;1mSHOW FIELDS FROM `specials`[0m
  [4;35;1mSize Columns (1.2ms)[0m   [0mSHOW FIELDS FROM `sizes`[0m
  [4;36;1mPicture Columns (1.2ms)[0m   [0;1mSHOW FIELDS FROM `pictures`[0m
  [4;35;1mComment Columns (1.0ms)[0m   [0mSHOW FIELDS FROM `comments`[0m
  [4;36;1mListing Load Including Associations (2.9ms)[0m   [0;1mSELECT `listings`.`id` AS t0_r0, `listings`.`title` AS t0_r1, `listings`.`description` AS t0_r2, `listings`.`enabled` AS t0_r3, `listings`.`user_id` AS t0_r4, `listings`.`created_at` AS t0_r5, `listings`.`updated_at` AS t0_r6, `listings`.`status` AS t0_r7, `listings`.`clicks_count` AS t0_r8, `listings`.`impressions_count` AS t0_r9, `listings`.`reservations_count` AS t0_r10, `listings`.`office_24_hours` AS t0_r11, `listings`.`access_24_hours` AS t0_r12, `listings`.`info_requests_count` AS t0_r13, `listings`.`logo_file_name` AS t0_r14, `listings`.`logo_file_size` AS t0_r15, `listings`.`logo_content_type` AS t0_r16, `listings`.`default_logo` AS t0_r17, `listings`.`category` AS t0_r18, `maps`.`id` AS t1_r0, `maps`.`listing_id` AS t1_r1, `maps`.`address` AS t1_r2, `maps`.`city` AS t1_r3, `maps`.`state` AS t1_r4, `maps`.`zip` AS t1_r5, `maps`.`created_at` AS t1_r6, `maps`.`updated_at` AS t1_r7, `maps`.`phone` AS t1_r8, `maps`.`lat` AS t1_r9, `maps`.`lng` AS t1_r10, `specials`.`id` AS t2_r0, `specials`.`listing_id` AS t2_r1, `specials`.`title` AS t2_r2, `specials`.`description` AS t2_r3, `specials`.`content` AS t2_r4, `specials`.`code` AS t2_r5, `specials`.`enabled` AS t2_r6, `specials`.`position` AS t2_r7, `specials`.`created_at` AS t2_r8, `specials`.`updated_at` AS t2_r9, `sizes`.`id` AS t3_r0, `sizes`.`title` AS t3_r1, `sizes`.`width` AS t3_r2, `sizes`.`length` AS t3_r3, `sizes`.`unit` AS t3_r4, `sizes`.`created_at` AS t3_r5, `sizes`.`updated_at` AS t3_r6, `sizes`.`description` AS t3_r7, `sizes`.`price` AS t3_r8, `sizes`.`listing_id` AS t3_r9, `pictures`.`id` AS t4_r0, `pictures`.`listing_id` AS t4_r1, `pictures`.`title` AS t4_r2, `pictures`.`description` AS t4_r3, `pictures`.`position` AS t4_r4, `pictures`.`created_at` AS t4_r5, `pictures`.`updated_at` AS t4_r6, `pictures`.`facility_image_file_name` AS t4_r7, `pictures`.`facility_image_content_type` AS t4_r8, `pictures`.`facility_image_file_size` AS t4_r9, `comments`.`id` AS t5_r0, `comments`.`title` AS t5_r1, `comments`.`comment` AS t5_r2, `comments`.`created_at` AS t5_r3, `comments`.`commentable_id` AS t5_r4, `comments`.`commentable_type` AS t5_r5, `comments`.`user_id` AS t5_r6, `comments`.`email` AS t5_r7 FROM `listings` LEFT OUTER JOIN `maps` ON maps.listing_id = listings.id LEFT OUTER JOIN `specials` ON specials.listing_id = listings.id LEFT OUTER JOIN `sizes` ON sizes.listing_id = listings.id LEFT OUTER JOIN `pictures` ON pictures.listing_id = listings.id LEFT OUTER JOIN `comments` ON `comments`.commentable_id = `listings`.id AND `comments`.commentable_type = 'Listing'WHERE (((maps.zip = '33162' AND listings.enabled IS TRUE) AND (maps.lat>25.6369396942928 AND maps.lat<26.2152191057072 AND maps.lng>-80.5034215186843 AND maps.lng<-79.8604320813157)) AND (
 (ACOS(least(1,COS(0.452495447663476)*COS(-1.39943862325308)*COS(RADIANS(maps.lat))*COS(RADIANS(maps.lng))+
 COS(0.452495447663476)*SIN(-1.39943862325308)*COS(RADIANS(maps.lat))*SIN(RADIANS(maps.lng))+
 SIN(0.452495447663476)*SIN(RADIANS(maps.lat))))*3963.19)
 <= 20)) [0m
Rendering template within layouts/storagelocator
Rendering listings/locator
  [4;35;1mBlock Load (0.4ms)[0m   [0mSELECT * FROM `blocks` WHERE (`blocks`.`show_in_all` = 'header') [0m
  [4;36;1mBlock Load (0.5ms)[0m   [0;1mSELECT `blocks`.* FROM `blocks` INNER JOIN `blocks_models` ON `blocks`.id = `blocks_models`.block_id WHERE ((`blocks_models`.model_type = 'Page') AND (`blocks_models`.model_id = 2) AND (place = 'header' AND enabled IS TRUE)) [0m
  [4;35;1mBlock Load (0.2ms)[0m   [0mSELECT * FROM `blocks` WHERE (`blocks`.`restful` = 1) [0m
  [4;36;1mBlocksModel Load (0.5ms)[0m   [0;1mSELECT 'Block' AS polymorphic_parent_class, 'models' AS polymorphic_association_id, blocks_models.block_id AS t0_r3, blocks_models.created_at AS t0_r4, blocks_models.enabled AS t0_r7, blocks_models.id AS t0_r0, blocks_models.model_id AS t0_r1, blocks_models.model_type AS t0_r2, blocks_models.place AS t0_r6, blocks_models.position AS t0_r9, blocks_models.show_title AS t0_r8, blocks_models.updated_at AS t0_r5, links.created_at AS t1_r4, links.group_id AS t1_r6, links.id AS t1_r0, links.path AS t1_r2, links.relative AS t1_r3, links.resource AS t1_r7, links.target_id AS t1_r8, links.title AS t1_r1, links.updated_at AS t1_r5, pages.content AS t2_r7, pages.created_at AS t2_r4, pages.description AS t2_r8, pages.id AS t2_r0, pages.parent_id AS t2_r2, pages.position AS t2_r10, pages.process_erb AS t2_r11, pages.show_in_nav AS t2_r6, pages.show_title AS t2_r9, pages.title AS t2_r1, pages.updated_at AS t2_r5, pages.url AS t2_r3, pages.use_placeholders AS t2_r12, posts.comments_count AS t3_r7, posts.comments_enabled AS t3_r8, posts.content AS t3_r2, posts.created_at AS t3_r5, posts.id AS t3_r0, posts.impressions_count AS t3_r10, posts.position AS t3_r9, posts.published AS t3_r4, posts.title AS t3_r1, posts.updated_at AS t3_r6, posts.user_id AS t3_r3 FROM `blocks_models` JOIN `blocks` AS polymorphic_parent ON `blocks_models`.block_id = polymorphic_parent.id LEFT JOIN `pages` ON `blocks_models`.model_id = `pages`.id AND `blocks_models`.model_type = 'Page' LEFT JOIN `posts` ON `blocks_models`.model_id = `posts`.id AND `blocks_models`.model_type = 'Post' LEFT JOIN `links` ON `blocks_models`.model_id = `links`.id AND `blocks_models`.model_type = 'Link' WHERE ((`blocks_models`.block_id = 16)) [0m
Rendered shared/_model_options (3.5ms)
  [4;35;1mView Columns (1.5ms)[0m   [0mSHOW FIELDS FROM `views`[0m
  [4;36;1mSQL (0.2ms)[0m   [0;1mSELECT count(*) AS count_all FROM `views` INNER JOIN `models_views` ON `views`.id = `models_views`.view_id WHERE ((`models_views`.model_type = 'Block') AND (`models_views`.model_id = 16)) [0m
Rendered blocks/_block (11.5ms)
  [4;35;1mBlock Load (0.2ms)[0m   [0mSELECT * FROM `blocks` WHERE (`blocks`.`show_in_all` = 'sidebar') [0m
  [4;36;1mBlock Load (0.4ms)[0m   [0;1mSELECT `blocks`.* FROM `blocks` INNER JOIN `blocks_models` ON `blocks`.id = `blocks_models`.block_id WHERE ((`blocks_models`.model_type = 'Page') AND (`blocks_models`.model_id = 2) AND (place = 'sidebar' AND enabled IS TRUE)) [0m
  [4;35;1mCACHE (0.0ms)[0m   [0mSELECT * FROM `blocks` WHERE (`blocks`.`restful` = 1) [0m
  [4;36;1mBlock Load (0.2ms)[0m   [0;1mSELECT * FROM `blocks` WHERE (`blocks`.`show_in_all` = 'content_bottom') [0m
  [4;35;1mBlock Load (0.4ms)[0m   [0mSELECT `blocks`.* FROM `blocks` INNER JOIN `blocks_models` ON `blocks`.id = `blocks_models`.block_id WHERE ((`blocks_models`.model_type = 'Page') AND (`blocks_models`.model_id = 2) AND (place = 'content_bottom' AND enabled IS TRUE)) [0m
  [4;36;1mCACHE (0.0ms)[0m   [0;1mSELECT * FROM `blocks` WHERE (`blocks`.`restful` = 1) [0m
  [4;35;1mBlocksModel Load (1.7ms)[0m   [0mSELECT 'Block' AS polymorphic_parent_class, 'models' AS polymorphic_association_id, blocks_models.block_id AS t0_r3, blocks_models.created_at AS t0_r4, blocks_models.enabled AS t0_r7, blocks_models.id AS t0_r0, blocks_models.model_id AS t0_r1, blocks_models.model_type AS t0_r2, blocks_models.place AS t0_r6, blocks_models.position AS t0_r9, blocks_models.show_title AS t0_r8, blocks_models.updated_at AS t0_r5, links.created_at AS t1_r4, links.group_id AS t1_r6, links.id AS t1_r0, links.path AS t1_r2, links.relative AS t1_r3, links.resource AS t1_r7, links.target_id AS t1_r8, links.title AS t1_r1, links.updated_at AS t1_r5, pages.content AS t2_r7, pages.created_at AS t2_r4, pages.description AS t2_r8, pages.id AS t2_r0, pages.parent_id AS t2_r2, pages.position AS t2_r10, pages.process_erb AS t2_r11, pages.show_in_nav AS t2_r6, pages.show_title AS t2_r9, pages.title AS t2_r1, pages.updated_at AS t2_r5, pages.url AS t2_r3, pages.use_placeholders AS t2_r12, posts.comments_count AS t3_r7, posts.comments_enabled AS t3_r8, posts.content AS t3_r2, posts.created_at AS t3_r5, posts.id AS t3_r0, posts.impressions_count AS t3_r10, posts.position AS t3_r9, posts.published AS t3_r4, posts.title AS t3_r1, posts.updated_at AS t3_r6, posts.user_id AS t3_r3 FROM `blocks_models` JOIN `blocks` AS polymorphic_parent ON `blocks_models`.block_id = polymorphic_parent.id LEFT JOIN `pages` ON `blocks_models`.model_id = `pages`.id AND `blocks_models`.model_type = 'Page' LEFT JOIN `posts` ON `blocks_models`.model_id = `posts`.id AND `blocks_models`.model_type = 'Post' LEFT JOIN `links` ON `blocks_models`.model_id = `links`.id AND `blocks_models`.model_type = 'Link' WHERE ((`blocks_models`.block_id = 24)) [0m
Rendered shared/_model_options (3.7ms)
Rendered listings/_narrow_search (59.0ms)
  [4;36;1mSQL (0.4ms)[0m   [0;1mSELECT count(*) AS count_all FROM `views` INNER JOIN `models_views` ON `views`.id = `models_views`.view_id WHERE ((`models_views`.model_type = 'Block') AND (`models_views`.model_id = 24)) [0m
Rendered blocks/_block (216.8ms)
  [4;35;1mBlocksModel Load (0.4ms)[0m   [0mSELECT 'Block' AS polymorphic_parent_class, 'models' AS polymorphic_association_id, blocks_models.block_id AS t0_r3, blocks_models.created_at AS t0_r4, blocks_models.enabled AS t0_r7, blocks_models.id AS t0_r0, blocks_models.model_id AS t0_r1, blocks_models.model_type AS t0_r2, blocks_models.place AS t0_r6, blocks_models.position AS t0_r9, blocks_models.show_title AS t0_r8, blocks_models.updated_at AS t0_r5, links.created_at AS t1_r4, links.group_id AS t1_r6, links.id AS t1_r0, links.path AS t1_r2, links.relative AS t1_r3, links.resource AS t1_r7, links.target_id AS t1_r8, links.title AS t1_r1, links.updated_at AS t1_r5, pages.content AS t2_r7, pages.created_at AS t2_r4, pages.description AS t2_r8, pages.id AS t2_r0, pages.parent_id AS t2_r2, pages.position AS t2_r10, pages.process_erb AS t2_r11, pages.show_in_nav AS t2_r6, pages.show_title AS t2_r9, pages.title AS t2_r1, pages.updated_at AS t2_r5, pages.url AS t2_r3, pages.use_placeholders AS t2_r12, posts.comments_count AS t3_r7, posts.comments_enabled AS t3_r8, posts.content AS t3_r2, posts.created_at AS t3_r5, posts.id AS t3_r0, posts.impressions_count AS t3_r10, posts.position AS t3_r9, posts.published AS t3_r4, posts.title AS t3_r1, posts.updated_at AS t3_r6, posts.user_id AS t3_r3 FROM `blocks_models` JOIN `blocks` AS polymorphic_parent ON `blocks_models`.block_id = polymorphic_parent.id LEFT JOIN `pages` ON `blocks_models`.model_id = `pages`.id AND `blocks_models`.model_type = 'Page' LEFT JOIN `posts` ON `blocks_models`.model_id = `posts`.id AND `blocks_models`.model_type = 'Post' LEFT JOIN `links` ON `blocks_models`.model_id = `links`.id AND `blocks_models`.model_type = 'Link' WHERE ((`blocks_models`.block_id = 43)) [0m
Rendered shared/_model_options (3.5ms)
  [4;36;1mSQL (0.3ms)[0m   [0;1mSELECT count(*) AS count_all FROM `views` INNER JOIN `models_views` ON `views`.id = `models_views`.view_id WHERE ((`models_views`.model_type = 'Block') AND (`models_views`.model_id = 43)) [0m
Rendered blocks/_block (8.5ms)
  [4;35;1mBlock Load (0.2ms)[0m   [0mSELECT * FROM `blocks` WHERE (`blocks`.`show_in_all` = 'column_5') [0m
  [4;36;1mBlock Load (0.4ms)[0m   [0;1mSELECT `blocks`.* FROM `blocks` INNER JOIN `blocks_models` ON `blocks`.id = `blocks_models`.block_id WHERE ((`blocks_models`.model_type = 'Page') AND (`blocks_models`.model_id = 2) AND (place = 'column_5' AND enabled IS TRUE)) [0m
  [4;35;1mCACHE (0.0ms)[0m   [0mSELECT * FROM `blocks` WHERE (`blocks`.`restful` = 1) [0m
  [4;36;1mBlocksModel Load (1.7ms)[0m   [0;1mSELECT 'Block' AS polymorphic_parent_class, 'models' AS polymorphic_association_id, blocks_models.block_id AS t0_r3, blocks_models.created_at AS t0_r4, blocks_models.enabled AS t0_r7, blocks_models.id AS t0_r0, blocks_models.model_id AS t0_r1, blocks_models.model_type AS t0_r2, blocks_models.place AS t0_r6, blocks_models.position AS t0_r9, blocks_models.show_title AS t0_r8, blocks_models.updated_at AS t0_r5, links.created_at AS t1_r4, links.group_id AS t1_r6, links.id AS t1_r0, links.path AS t1_r2, links.relative AS t1_r3, links.resource AS t1_r7, links.target_id AS t1_r8, links.title AS t1_r1, links.updated_at AS t1_r5, pages.content AS t2_r7, pages.created_at AS t2_r4, pages.description AS t2_r8, pages.id AS t2_r0, pages.parent_id AS t2_r2, pages.position AS t2_r10, pages.process_erb AS t2_r11, pages.show_in_nav AS t2_r6, pages.show_title AS t2_r9, pages.title AS t2_r1, pages.updated_at AS t2_r5, pages.url AS t2_r3, pages.use_placeholders AS t2_r12, posts.comments_count AS t3_r7, posts.comments_enabled AS t3_r8, posts.content AS t3_r2, posts.created_at AS t3_r5, posts.id AS t3_r0, posts.impressions_count AS t3_r10, posts.position AS t3_r9, posts.published AS t3_r4, posts.title AS t3_r1, posts.updated_at AS t3_r6, posts.user_id AS t3_r3 FROM `blocks_models` JOIN `blocks` AS polymorphic_parent ON `blocks_models`.block_id = polymorphic_parent.id LEFT JOIN `pages` ON `blocks_models`.model_id = `pages`.id AND `blocks_models`.model_type = 'Page' LEFT JOIN `posts` ON `blocks_models`.model_id = `posts`.id AND `blocks_models`.model_type = 'Post' LEFT JOIN `links` ON `blocks_models`.model_id = `links`.id AND `blocks_models`.model_type = 'Link' WHERE ((`blocks_models`.block_id = 30)) [0m
Rendered shared/_model_options (3.6ms)
  [4;35;1mSQL (0.3ms)[0m   [0mSELECT count(*) AS count_all FROM `views` INNER JOIN `models_views` ON `views`.id = `models_views`.view_id WHERE ((`models_views`.model_type = 'Block') AND (`models_views`.model_id = 30)) [0m
  [4;36;1mView Load (0.2ms)[0m   [0;1mSELECT `views`.* FROM `views` INNER JOIN `models_views` ON `views`.id = `models_views`.view_id WHERE ((`models_views`.model_type = 'Block') AND (`models_views`.model_id = 30)) [0m
  [4;35;1mModelsView Load (0.3ms)[0m   [0mSELECT * FROM `models_views` WHERE (`models_views`.`model_id` = 30) AND (`models_views`.view_id = 12) LIMIT 1[0m
  [4;36;1mListing Load (4.2ms)[0m   [0;1mSELECT id, id FROM `listings` [0m
  [4;35;1mClient Columns (1.9ms)[0m   [0mSHOW FIELDS FROM `users`[0m
  [4;36;1mClient Load (0.2ms)[0m   [0;1mSELECT * FROM `users` WHERE (`users`.`id` = 25241) AND ( (`users`.`type` = 'Client' ) ) [0m
  [4;35;1mFacilityInfo Load (0.1ms)[0m   [0mSELECT * FROM `facility_infos` WHERE (`facility_infos`.listing_id = 59194) LIMIT 1[0m
  [4;36;1mSize Load (0.3ms)[0m   [0;1mSELECT * FROM `sizes` WHERE (`sizes`.listing_id = 59194) [0m
  [4;35;1mWebSpecial Load (0.3ms)[0m   [0mSELECT * FROM `web_specials` WHERE (`web_specials`.listing_id = 59194) ORDER BY web_specials.id DESC LIMIT 1[0m
Rendered listings/_unit_detail (94.7ms)
Rendered listings/_result (128.8ms)
  [4;36;1mClient Load (0.3ms)[0m   [0;1mSELECT * FROM `users` WHERE (`users`.`id` = 25240) AND ( (`users`.`type` = 'Client' ) ) [0m
  [4;35;1mFacilityInfo Load (0.2ms)[0m   [0mSELECT * FROM `facility_infos` WHERE (`facility_infos`.listing_id = 59193) LIMIT 1[0m
  [4;36;1mSize Load (0.2ms)[0m   [0;1mSELECT * FROM `sizes` WHERE (`sizes`.listing_id = 59193) [0m
  [4;35;1mWebSpecial Load (0.2ms)[0m   [0mSELECT * FROM `web_specials` WHERE (`web_specials`.listing_id = 59193) ORDER BY web_specials.id DESC LIMIT 1[0m
Rendered listings/_unit_detail (1.4ms)
Rendered listings/_result (15.9ms)
  [4;36;1mClient Load (0.3ms)[0m   [0;1mSELECT * FROM `users` WHERE (`users`.`id` = 25237) AND ( (`users`.`type` = 'Client' ) ) [0m
  [4;35;1mFacilityInfo Load (0.2ms)[0m   [0mSELECT * FROM `facility_infos` WHERE (`facility_infos`.listing_id = 59190) LIMIT 1[0m
  [4;36;1mSize Load (0.3ms)[0m   [0;1mSELECT * FROM `sizes` WHERE (`sizes`.listing_id = 59190) [0m
  [4;35;1mSizeIcon Load (0.3ms)[0m   [0mSELECT * FROM `size_icons` WHERE (width = 5 AND length = 5 AND icon_size = 'thumb') LIMIT 1[0m
  [4;36;1mSize Load (0.3ms)[0m   [0;1mSELECT * FROM `sizes` WHERE (`sizes`.listing_id = 59190 AND (width = 5 AND length = 5)) [0m
  [4;35;1mCACHE (0.0ms)[0m   [0mSELECT * FROM `sizes` WHERE (`sizes`.listing_id = 59190 AND (width = 5 AND length = 5)) [0m
  [4;36;1mCACHE (0.0ms)[0m   [0;1mSELECT * FROM `sizes` WHERE (`sizes`.listing_id = 59190 AND (width = 5 AND length = 5)) [0m
  [4;35;1mWebSpecial Load (0.2ms)[0m   [0mSELECT * FROM `web_specials` WHERE (`web_specials`.listing_id = 59190) ORDER BY web_specials.id DESC LIMIT 1[0m
  [4;36;1mCACHE (0.0ms)[0m   [0;1mSELECT * FROM `web_specials` WHERE (`web_specials`.listing_id = 59190) ORDER BY web_specials.id DESC LIMIT 1[0m
  [4;35;1mWebSpecial Columns (1.3ms)[0m   [0mSHOW FIELDS FROM `web_specials`[0m
  [4;36;1mCACHE (0.0ms)[0m   [0;1mSELECT * FROM `web_specials` WHERE (`web_specials`.listing_id = 59190) ORDER BY web_specials.id DESC LIMIT 1[0m
  [4;35;1mCACHE (0.0ms)[0m   [0mSELECT * FROM `web_specials` WHERE (`web_specials`.listing_id = 59190) ORDER BY web_specials.id DESC LIMIT 1[0m
Rendered listings/_unit_detail (7.5ms)
Rendered listings/_result (33.6ms)
  [4;36;1mClient Load (0.2ms)[0m   [0;1mSELECT * FROM `users` WHERE (`users`.`id` = 25238) AND ( (`users`.`type` = 'Client' ) ) [0m
  [4;35;1mFacilityInfo Load (0.1ms)[0m   [0mSELECT * FROM `facility_infos` WHERE (`facility_infos`.listing_id = 59191) LIMIT 1[0m
  [4;36;1mSize Load (0.2ms)[0m   [0;1mSELECT * FROM `sizes` WHERE (`sizes`.listing_id = 59191) [0m
Rendered listings/_result (14.5ms)
Rendered listings/_paginator (0.2ms)
Rendered views/partials/_greylisting (194.5ms)
Rendered blocks/_block (500.5ms)
  [4;35;1mBlock Load (0.2ms)[0m   [0mSELECT * FROM `blocks` WHERE (`blocks`.`show_in_all` = 'column_6') [0m
  [4;36;1mBlock Load (0.4ms)[0m   [0;1mSELECT `blocks`.* FROM `blocks` INNER JOIN `blocks_models` ON `blocks`.id = `blocks_models`.block_id WHERE ((`blocks_models`.model_type = 'Page') AND (`blocks_models`.model_id = 2) AND (place = 'column_6' AND enabled IS TRUE)) [0m
  [4;35;1mCACHE (0.0ms)[0m   [0mSELECT * FROM `blocks` WHERE (`blocks`.`restful` = 1) [0m
  [4;36;1mBlock Load (0.2ms)[0m   [0;1mSELECT * FROM `blocks` WHERE (`blocks`.`show_in_all` = 'column_7') [0m
  [4;35;1mBlock Load (0.4ms)[0m   [0mSELECT `blocks`.* FROM `blocks` INNER JOIN `blocks_models` ON `blocks`.id = `blocks_models`.block_id WHERE ((`blocks_models`.model_type = 'Page') AND (`blocks_models`.model_id = 2) AND (place = 'column_7' AND enabled IS TRUE)) [0m
  [4;36;1mCACHE (0.0ms)[0m   [0;1mSELECT * FROM `blocks` WHERE (`blocks`.`restful` = 1) [0m
  [4;35;1mBlock Load (0.2ms)[0m   [0mSELECT * FROM `blocks` WHERE (`blocks`.`show_in_all` = 'footer') [0m
  [4;36;1mBlock Load (0.4ms)[0m   [0;1mSELECT `blocks`.* FROM `blocks` INNER JOIN `blocks_models` ON `blocks`.id = `blocks_models`.block_id WHERE ((`blocks_models`.model_type = 'Page') AND (`blocks_models`.model_id = 2) AND (place = 'footer' AND enabled IS TRUE)) [0m
  [4;35;1mCACHE (0.0ms)[0m   [0mSELECT * FROM `blocks` WHERE (`blocks`.`restful` = 1) [0m
  [4;36;1mBlocksModel Load (1.9ms)[0m   [0;1mSELECT 'Block' AS polymorphic_parent_class, 'models' AS polymorphic_association_id, blocks_models.block_id AS t0_r3, blocks_models.created_at AS t0_r4, blocks_models.enabled AS t0_r7, blocks_models.id AS t0_r0, blocks_models.model_id AS t0_r1, blocks_models.model_type AS t0_r2, blocks_models.place AS t0_r6, blocks_models.position AS t0_r9, blocks_models.show_title AS t0_r8, blocks_models.updated_at AS t0_r5, links.created_at AS t1_r4, links.group_id AS t1_r6, links.id AS t1_r0, links.path AS t1_r2, links.relative AS t1_r3, links.resource AS t1_r7, links.target_id AS t1_r8, links.title AS t1_r1, links.updated_at AS t1_r5, pages.content AS t2_r7, pages.created_at AS t2_r4, pages.description AS t2_r8, pages.id AS t2_r0, pages.parent_id AS t2_r2, pages.position AS t2_r10, pages.process_erb AS t2_r11, pages.show_in_nav AS t2_r6, pages.show_title AS t2_r9, pages.title AS t2_r1, pages.updated_at AS t2_r5, pages.url AS t2_r3, pages.use_placeholders AS t2_r12, posts.comments_count AS t3_r7, posts.comments_enabled AS t3_r8, posts.content AS t3_r2, posts.created_at AS t3_r5, posts.id AS t3_r0, posts.impressions_count AS t3_r10, posts.position AS t3_r9, posts.published AS t3_r4, posts.title AS t3_r1, posts.updated_at AS t3_r6, posts.user_id AS t3_r3 FROM `blocks_models` JOIN `blocks` AS polymorphic_parent ON `blocks_models`.block_id = polymorphic_parent.id LEFT JOIN `pages` ON `blocks_models`.model_id = `pages`.id AND `blocks_models`.model_type = 'Page' LEFT JOIN `posts` ON `blocks_models`.model_id = `posts`.id AND `blocks_models`.model_type = 'Post' LEFT JOIN `links` ON `blocks_models`.model_id = `links`.id AND `blocks_models`.model_type = 'Link' WHERE ((`blocks_models`.block_id = 39)) [0m
Rendered shared/_model_options (3.6ms)
  [4;35;1mMap Load (2.9ms)[0m   [0mSELECT city AS name, state, COUNT(maps.id) AS map_count FROM maps WHERE maps.state = 'FL' GROUP BY name, state ORDER BY map_count DESC LIMIT 50[0m
Rendered pages/_short_footer (45.8ms)
  [4;36;1mSQL (0.5ms)[0m   [0;1mSELECT count(*) AS count_all FROM `views` INNER JOIN `models_views` ON `views`.id = `models_views`.view_id WHERE ((`models_views`.model_type = 'Block') AND (`models_views`.model_id = 39)) [0m
Rendered blocks/_block (102.5ms)
Rendered listings/_paginator (0.2ms)
Rendered menus/_topnav (3.2ms)
Rendered pages/_home (0.1ms)
Rendered user_sessions/_form (7.6ms)
Completed in 1570ms (View: 969, DB: 60) | 200 OK [http://localhost/self-storage/FL/Miami/33162]
